1612603751117	geckodriver	INFO	Listening on 127.0.0.1:53988
1612603754085	mozrunner::runner	INFO	Running command: "C:\\Program Files\\Mozilla Firefox\\firefox.exe" "--marionette" "-foreground" "-no-remote" "-profile" "C:\\Users\\MKDE~1\\AppData\\Local\\Temp\\rust_mozprofilersMfmy"
console.warn: SearchSettings: "get: No settings file exists, new profile?" (new Error("", "(unknown module)"))
1612603756683	Marionette	INFO	Listening on port 53997
1612603756766	Marionette	WARN	TLS certificate errors will be ignored for this session
1612603756786	Marionette	ERROR	[15] No reply from Marionette:Register
console.error: Region.jsm: "Error fetching region" (new Error("TIMEOUT", "resource://gre/modules/Region.jsm", 775))
console.error: Region.jsm: "Failed to fetch region" (new Error("TIMEOUT", "resource://gre/modules/Region.jsm", 422))
JavaScript error: https://www.microsoft.com/en-in/microsoft-teams/group-chat-software line 2 > injectedScript, line 2: TypeError: TeamsSignUpForFree_Hero is undefined
1612603794584	Marionette	INFO	Stopped listening on port 53997

###!!! [Child][RunMessage] Error: Channel closing: too late to send/recv, messages will be lost

1612603819795	geckodriver	INFO	Listening on 127.0.0.1:54230
1612603822811	mozrunner::runner	INFO	Running command: "C:\\Program Files\\Mozilla Firefox\\firefox.exe" "--marionette" "-foreground" "-no-remote" "-profile" "C:\\Users\\MKDE~1\\AppData\\Local\\Temp\\rust_mozprofile5SIooG"
console.warn: SearchSettings: "get: No settings file exists, new profile?" (new Error("", "(unknown module)"))
1612603825064	Marionette	INFO	Listening on port 54239
1612603825484	Marionette	WARN	TLS certificate errors will be ignored for this session
1612603825496	Marionette	ERROR	[15] No reply from Marionette:Register
JavaScript error: https://www.microsoft.com/en-in/microsoft-teams/group-chat-software line 2 > injectedScript, line 2: TypeError: TeamsSignUpForFree_Hero is undefined
1612603888949	Marionette	INFO	Stopped listening on port 54239

###!!! [Child][RunMessage] Error: Channel closing: too late to send/recv, messages will be lost

1612604418825	geckodriver	INFO	Listening on 127.0.0.1:54809
1612604421814	mozrunner::runner	INFO	Running command: "C:\\Program Files\\Mozilla Firefox\\firefox.exe" "--marionette" "-foreground" "-no-remote" "-profile" "C:\\Users\\MKDE~1\\AppData\\Local\\Temp\\rust_mozprofiley3y9Po"
console.warn: SearchSettings: "get: No settings file exists, new profile?" (new Error("", "(unknown module)"))
1612604424468	Marionette	INFO	Listening on port 54818
1612604424502	Marionette	WARN	TLS certificate errors will be ignored for this session
1612604424516	Marionette	ERROR	[18] No reply from Marionette:Register
JavaScript error: https://www.microsoft.com/en-in/microsoft-teams/group-chat-software line 2 > injectedScript, line 2: TypeError: TeamsSignUpForFree_Hero is undefined
1612604494706	Marionette	INFO	Stopped listening on port 54818

###!!! [Child][RunMessage] Error: Channel closing: too late to send/recv, messages will be lost

1612604707444	geckodriver	INFO	Listening on 127.0.0.1:55098
1612604710404	mozrunner::runner	INFO	Running command: "C:\\Program Files\\Mozilla Firefox\\firefox.exe" "--marionette" "-foreground" "-no-remote" "-profile" "C:\\Users\\MKDE~1\\AppData\\Local\\Temp\\rust_mozprofilekYGsPZ"
console.warn: SearchSettings: "get: No settings file exists, new profile?" (new Error("", "(unknown module)"))
1612604712824	Marionette	INFO	Listening on port 55106
1612604713086	Marionette	WARN	TLS certificate errors will be ignored for this session
1612604713104	Marionette	ERROR	[15] No reply from Marionette:Register
console.warn: SearchSettings: "get: No settings file exists, new profile?" (new Error("", "(unknown module)"))
JavaScript error: https://www.microsoft.com/en-in/microsoft-teams/group-chat-software line 2 > injectedScript, line 2: TypeError: TeamsSignUpForFree_Hero is undefined
1612604775861	Marionette	INFO	Stopped listening on port 55106

###!!! [Child][RunMessage] Error: Channel closing: too late to send/recv, messages will be lost

1612604871582	geckodriver	INFO	Listening on 127.0.0.1:55303
1612604874547	mozrunner::runner	INFO	Running command: "C:\\Program Files\\Mozilla Firefox\\firefox.exe" "--marionette" "-foreground" "-no-remote" "-profile" "C:\\Users\\MKDE~1\\AppData\\Local\\Temp\\rust_mozprofileaLsvYh"
console.warn: SearchSettings: "get: No settings file exists, new profile?" (new Error("", "(unknown module)"))
1612604876821	Marionette	INFO	Listening on port 55314
1612604877234	Marionette	WARN	TLS certificate errors will be ignored for this session
1612604877250	Marionette	ERROR	[18] No reply from Marionette:Register
JavaScript error: https://www.microsoft.com/en-in/microsoft-teams/group-chat-software line 2 > injectedScript, line 2: TypeError: TeamsSignUpForFree_Hero is undefined
1612604940999	Marionette	INFO	Stopped listening on port 55314

###!!! [Child][RunMessage] Error: Channel closing: too late to send/recv, messages will be lost

1612605162386	geckodriver	INFO	Listening on 127.0.0.1:55674
1612605165381	mozrunner::runner	INFO	Running command: "C:\\Program Files\\Mozilla Firefox\\firefox.exe" "--marionette" "-foreground" "-no-remote" "-profile" "C:\\Users\\MKDE~1\\AppData\\Local\\Temp\\rust_mozprofilebRTgcx"
console.warn: SearchSettings: "get: No settings file exists, new profile?" (new Error("", "(unknown module)"))
1612605168066	Marionette	INFO	Listening on port 55682
1612605168556	Marionette	WARN	TLS certificate errors will be ignored for this session
1612605168569	Marionette	ERROR	[18] No reply from Marionette:Register
JavaScript error: https://www.microsoft.com/en-in/microsoft-teams/group-chat-software line 2 > injectedScript, line 2: TypeError: cookieCutter is undefined
JavaScript error: https://www.microsoft.com/en-in/microsoft-teams/group-chat-software line 2 > injectedScript, line 2: TypeError: TeamsSignUpForFree_Hero is undefined
1612605232003	Marionette	INFO	Stopped listening on port 55682

###!!! [Child][RunMessage] Error: Channel closing: too late to send/recv, messages will be lost

1612605254508	geckodriver	INFO	Listening on 127.0.0.1:55938
1612605257468	mozrunner::runner	INFO	Running command: "C:\\Program Files\\Mozilla Firefox\\firefox.exe" "--marionette" "-foreground" "-no-remote" "-profile" "C:\\Users\\MKDE~1\\AppData\\Local\\Temp\\rust_mozprofile9jcACO"
console.warn: SearchSettings: "get: No settings file exists, new profile?" (new Error("", "(unknown module)"))
1612605260293	Marionette	INFO	Listening on port 55947
1612605260655	Marionette	WARN	TLS certificate errors will be ignored for this session
1612605260667	Marionette	ERROR	[18] No reply from Marionette:Register
JavaScript error: https://www.microsoft.com/en-in/microsoft-teams/group-chat-software line 2 > injectedScript, line 2: TypeError: TeamsSignUpForFree_Hero is undefined
1612605307258	Marionette	ERROR	[33] No reply from Marionette:Register
1612605329019	Marionette	INFO	Stopped listening on port 55947

###!!! [Child][RunMessage] Error: Channel closing: too late to send/recv, messages will be lost

1612605941786	geckodriver	INFO	Listening on 127.0.0.1:56514
1612605944763	mozrunner::runner	INFO	Running command: "C:\\Program Files\\Mozilla Firefox\\firefox.exe" "--marionette" "-foreground" "-no-remote" "-profile" "C:\\Users\\MKDE~1\\AppData\\Local\\Temp\\rust_mozprofile9b861f"
console.warn: SearchSettings: "get: No settings file exists, new profile?" (new Error("", "(unknown module)"))
1612605947495	Marionette	INFO	Listening on port 56523
1612605947953	Marionette	WARN	TLS certificate errors will be ignored for this session
1612605947967	Marionette	ERROR	[18] No reply from Marionette:Register
JavaScript error: https://www.microsoft.com/en-in/microsoft-teams/group-chat-software line 2 > injectedScript, line 2: TypeError: TeamsSignUpForFree_Hero is undefined
1612605992890	Marionette	ERROR	[33] No reply from Marionette:Register
1612606033427	Marionette	INFO	Stopped listening on port 56523

###!!! [Child][RunMessage] Error: Channel closing: too late to send/recv, messages will be lost

1612606163751	geckodriver	INFO	Listening on 127.0.0.1:56822
1612606166720	mozrunner::runner	INFO	Running command: "C:\\Program Files\\Mozilla Firefox\\firefox.exe" "--marionette" "-foreground" "-no-remote" "-profile" "C:\\Users\\MKDE~1\\AppData\\Local\\Temp\\rust_mozprofilenXUDk5"
console.warn: SearchSettings: "get: No settings file exists, new profile?" (new Error("", "(unknown module)"))
1612606169585	Marionette	INFO	Listening on port 56831
1612606169914	Marionette	WARN	TLS certificate errors will be ignored for this session
1612606169930	Marionette	ERROR	[15] No reply from Marionette:Register
JavaScript error: https://www.microsoft.com/en-in/microsoft-teams/group-chat-software line 2 > injectedScript, line 2: TypeError: TeamsSignUpForFree_Hero is undefined
1612606210196	Marionette	ERROR	[33] No reply from Marionette:Register
1612606265846	Marionette	INFO	Stopped listening on port 56831

###!!! [Child][RunMessage] Error: Channel closing: too late to send/recv, messages will be lost

1612606602945	geckodriver	INFO	Listening on 127.0.0.1:57299
1612606605908	mozrunner::runner	INFO	Running command: "C:\\Program Files\\Mozilla Firefox\\firefox.exe" "--marionette" "-foreground" "-no-remote" "-profile" "C:\\Users\\MKDE~1\\AppData\\Local\\Temp\\rust_mozprofileB9z7dA"
console.warn: SearchSettings: "get: No settings file exists, new profile?" (new Error("", "(unknown module)"))
1612606608955	Marionette	INFO	Listening on port 57308
1612606609108	Marionette	WARN	TLS certificate errors will be ignored for this session
1612606609127	Marionette	ERROR	[18] No reply from Marionette:Register
console.error: Region.jsm: "Error fetching region" (new Error("TIMEOUT", "resource://gre/modules/Region.jsm", 775))
console.error: Region.jsm: "Failed to fetch region" (new Error("TIMEOUT", "resource://gre/modules/Region.jsm", 422))
JavaScript error: https://www.microsoft.com/en-in/microsoft-teams/group-chat-software, line 54: Error: Script error for "redtux"
http://requirejs.org/docs/errors.html#scripterror
JavaScript error: https://www.microsoft.com/en-in/microsoft-teams/group-chat-software line 2 > injectedScript, line 2: TypeError: cookieCutter is undefined
JavaScript error: https://www.microsoft.com/en-in/microsoft-teams/group-chat-software line 2 > injectedScript, line 2: TypeError: TeamsSignUpForFree_Hero is undefined
1612606664078	Marionette	ERROR	[33] No reply from Marionette:Register
1612606782155	Marionette	INFO	Stopped listening on port 57308

###!!! [Child][RunMessage] Error: Channel closing: too late to send/recv, messages will be lost

1612606787522	geckodriver	INFO	Listening on 127.0.0.1:57595
1612606790478	mozrunner::runner	INFO	Running command: "C:\\Program Files\\Mozilla Firefox\\firefox.exe" "--marionette" "-foreground" "-no-remote" "-profile" "C:\\Users\\MKDE~1\\AppData\\Local\\Temp\\rust_mozprofilej90U8T"
console.warn: SearchSettings: "get: No settings file exists, new profile?" (new Error("", "(unknown module)"))
1612606793290	Marionette	INFO	Listening on port 57603
1612606793688	Marionette	WARN	TLS certificate errors will be ignored for this session
1612606793702	Marionette	ERROR	[15] No reply from Marionette:Register
JavaScript error: https://www.microsoft.com/en-in/microsoft-teams/group-chat-software line 2 > injectedScript, line 2: TypeError: TeamsSignUpForFree_Hero is undefined
1612606836607	Marionette	ERROR	[33] No reply from Marionette:Register
1612606891371	Marionette	INFO	Stopped listening on port 57603

###!!! [Child][RunMessage] Error: Channel closing: too late to send/recv, messages will be lost

1612606896166	geckodriver	INFO	Listening on 127.0.0.1:57889
1612606899153	mozrunner::runner	INFO	Running command: "C:\\Program Files\\Mozilla Firefox\\firefox.exe" "--marionette" "-foreground" "-no-remote" "-profile" "C:\\Users\\MKDE~1\\AppData\\Local\\Temp\\rust_mozprofile5l77VI"
console.warn: SearchSettings: "get: No settings file exists, new profile?" (new Error("", "(unknown module)"))
1612606902204	Marionette	INFO	Listening on port 57897
1612606902360	Marionette	WARN	TLS certificate errors will be ignored for this session
1612606902377	Marionette	ERROR	[15] No reply from Marionette:Register
JavaScript error: https://www.microsoft.com/en-in/microsoft-teams/group-chat-software line 2 > injectedScript, line 2: TypeError: TeamsSignUpForFree_Hero is undefined
1612606925866	Marionette	ERROR	[33] No reply from Marionette:Register
1612606972890	Marionette	INFO	Stopped listening on port 57897

###!!! [Child][RunMessage] Error: Channel closing: too late to send/recv, messages will be lost

1612606977977	geckodriver	INFO	Listening on 127.0.0.1:58140
1612606980946	mozrunner::runner	INFO	Running command: "C:\\Program Files\\Mozilla Firefox\\firefox.exe" "--marionette" "-foreground" "-no-remote" "-profile" "C:\\Users\\MKDE~1\\AppData\\Local\\Temp\\rust_mozprofileKL9aWJ"
console.warn: SearchSettings: "get: No settings file exists, new profile?" (new Error("", "(unknown module)"))
1612606983832	Marionette	INFO	Listening on port 58149
1612606984141	Marionette	WARN	TLS certificate errors will be ignored for this session
1612606984156	Marionette	ERROR	[15] No reply from Marionette:Register
JavaScript error: https://www.microsoft.com/en-in/microsoft-teams/group-chat-software line 2 > injectedScript, line 2: TypeError: TeamsSignUpForFree_Hero is undefined
1612607014981	Marionette	ERROR	[33] No reply from Marionette:Register
1612607040055	Marionette	INFO	Stopped listening on port 58149

###!!! [Child][RunMessage] Error: Channel closing: too late to send/recv, messages will be lost

1612607048768	geckodriver	INFO	Listening on 127.0.0.1:58417
1612607051723	mozrunner::runner	INFO	Running command: "C:\\Program Files\\Mozilla Firefox\\firefox.exe" "--marionette" "-foreground" "-no-remote" "-profile" "C:\\Users\\MKDE~1\\AppData\\Local\\Temp\\rust_mozprofilec4kvxz"
console.warn: SearchSettings: "get: No settings file exists, new profile?" (new Error("", "(unknown module)"))
1612607054725	Marionette	INFO	Listening on port 58425
1612607054902	Marionette	WARN	TLS certificate errors will be ignored for this session
1612607054917	Marionette	ERROR	[18] No reply from Marionette:Register
JavaScript error: https://www.microsoft.com/en-in/microsoft-teams/group-chat-software line 2 > injectedScript, line 2: TypeError: TeamsSignUpForFree_Hero is undefined
1612607076196	Marionette	ERROR	[33] No reply from Marionette:Register
1612607204704	Marionette	INFO	Stopped listening on port 58425

###!!! [Child][RunMessage] Error: Channel closing: too late to send/recv, messages will be lost

1612607209685	geckodriver	INFO	Listening on 127.0.0.1:58669
1612607212634	mozrunner::runner	INFO	Running command: "C:\\Program Files\\Mozilla Firefox\\firefox.exe" "--marionette" "-foreground" "-no-remote" "-profile" "C:\\Users\\MKDE~1\\AppData\\Local\\Temp\\rust_mozprofilezgBP4X"
console.warn: SearchSettings: "get: No settings file exists, new profile?" (new Error("", "(unknown module)"))
1612607215748	Marionette	INFO	Listening on port 58677
1612607215859	Marionette	WARN	TLS certificate errors will be ignored for this session
1612607215884	Marionette	ERROR	[15] No reply from Marionette:Register
JavaScript error: https://www.microsoft.com/en-in/microsoft-teams/group-chat-software line 2 > injectedScript, line 2: TypeError: TeamsSignUpForFree_Hero is undefined
1612607252220	Marionette	ERROR	[33] No reply from Marionette:Register
1612607300922	Marionette	INFO	Stopped listening on port 58677

###!!! [Child][RunMessage] Error: Channel closing: too late to send/recv, messages will be lost

"--marionette" "-foreground" "-no-remote" "-profile" "C:\\Users\\MKDE~1\\AppData\\Local\\Temp\\rust_mozprofilemOPe3r"
console.warn: SearchSettings: "get: No settings file exists, new profile?" (new Error("", "(unknown module)"))
1612607304780	Marionette	INFO	Listening on port 58948
1612607305298	Marionette	WARN	TLS certificate errors will be ignored for this session
1612607305315	Marionette	ERROR	[18] No reply from Marionette:Register
JavaScript error: https://www.microsoft.com/en-in/microsoft-teams/group-chat-software line 2 > injectedScript, line 2: TypeError: TeamsSignUpForFree_Hero is undefined
1612607345400	Marionette	ERROR	[33] No reply from Marionette:Register
1612607406394	Marionette	INFO	Stopped listening on port 58948

###!!! [Child][RunMessage] Error: Channel closing: too late to send/recv, messages will be lost

1612607409475	geckodriver	INFO	Listening on 127.0.0.1:59233
1612607412426	mozrunner::runner	INFO	Running command: "C:\\Program Files\\Mozilla Firefox\\firefox.exe" "--marionette" "-foreground" "-no-remote" "-profile" "C:\\Users\\MKDE~1\\AppData\\Local\\Temp\\rust_mozprofilehu9qHL"
console.warn: SearchSettings: "get: No settings file exists, new profile?" (new Error("", "(unknown module)"))
1612607415394	Marionette	INFO	Listening on port 59241
1612607415653	Marionette	WARN	TLS certificate errors will be ignored for this session
1612607415670	Marionette	ERROR	[15] No reply from Marionette:Register
JavaScript error: https://www.microsoft.com/en-in/microsoft-teams/group-chat-software line 2 > injectedScript, line 2: TypeError: TeamsSignUpForFree_Hero is undefined
1612607440538	Marionette	ERROR	[33] No reply from Marionette:Register
1612607499420	Marionette	INFO	Stopped listening on port 59241

###!!! [Child][RunMessage] Error: Channel closing: too late to send/recv, messages will be lost

1612607503468	geckodriver	INFO	Listening on 127.0.0.1:59483
1612607506425	mozrunner::runner	INFO	Running command: "C:\\Program Files\\Mozilla Firefox\\firefox.exe" "--marionette" "-foreground" "-no-remote" "-profile" "C:\\Users\\MKDE~1\\AppData\\Local\\Temp\\rust_mozprofileWrc9bd"
console.warn: SearchSettings: "get: No settings file exists, new profile?" (new Error("", "(unknown module)"))
1612607509135	Marionette	INFO	Listening on port 59491
1612607509638	Marionette	WARN	TLS certificate errors will be ignored for this session
1612607509655	Marionette	ERROR	[18] No reply from Marionette:Register
JavaScript error: https://www.microsoft.com/en-in/microsoft-teams/group-chat-software line 2 > injectedScript, line 2: TypeError: TeamsSignUpForFree_Hero is undefined
1612607541771	Marionette	ERROR	[33] No reply from Marionette:Register
1612607556302	Marionette	INFO	Stopped listening on port 59491

###!!! [Child][RunMessage] Error: Channel closing: too late to send/recv, messages will be lost

1612607890704	geckodriver	INFO	Listening on 127.0.0.1:59765
1612607893668	mozrunner::runner	INFO	Running command: "C:\\Program Files\\Mozilla Firefox\\firefox.exe" "--marionette" "-foreground" "-no-remote" "-profile" "C:\\Users\\MKDE~1\\AppData\\Local\\Temp\\rust_mozprofilesYTg6u"
console.warn: SearchSettings: "get: No settings file exists, new profile?" (new Error("", "(unknown module)"))
1612607896526	Marionette	INFO	Listening on port 59774
1612607896876	Marionette	WARN	TLS certificate errors will be ignored for this session
1612607896889	Marionette	ERROR	[15] No reply from Marionette:Register
console.warn: LoginRecipes: "getRecipes: falling back to a synchronous message for:" "https://login.microsoftonline.com"
JavaScript error: , line 0: uncaught exception: Object
JavaScript error: , line 0: uncaught exception: Object
1612608022512	Marionette	INFO	Stopped listening on port 59774

###!!! [Child][RunMessage] Error: Channel closing: too late to send/recv, messages will be lost

1612608035729	geckodriver	INFO	Listening on 127.0.0.1:59916
1612608038700	mozrunner::runner	INFO	Running command: "C:\\Program Files\\Mozilla Firefox\\firefox.exe" "--marionette" "-foreground" "-no-remote" "-profile" "C:\\Users\\MKDE~1\\AppData\\Local\\Temp\\rust_mozprofileKEMoam"
console.warn: SearchSettings: "get: No settings file exists, new profile?" (new Error("", "(unknown module)"))
1612608041449	Marionette	INFO	Listening on port 59924
1612608041903	Marionette	WARN	TLS certificate errors will be ignored for this session
1612608041919	Marionette	ERROR	[18] No reply from Marionette:Register
1612608113156	Marionette	INFO	Stopped listening on port 59924

###!!! [Child][RunMessage] Error: Channel closing: too late to send/recv, messages will be lost

1612608153486	geckodriver	INFO	Listening on 127.0.0.1:60000
1612608156469	mozrunner::runner	INFO	Running command: "C:\\Program Files\\Mozilla Firefox\\firefox.exe" "--marionette" "-foreground" "-no-remote" "-profile" "C:\\Users\\MKDE~1\\AppData\\Local\\Temp\\rust_mozprofileL5YyV9"
console.warn: SearchSettings: "get: No settings file exists, new profile?" (new Error("", "(unknown module)"))
1612608159368	Marionette	INFO	Listening on port 60008
1612608159679	Marionette	WARN	TLS certificate errors will be ignored for this session
1612608159695	Marionette	ERROR	[15] No reply from Marionette:Register
1612608169068	Marionette	WARN	Ignoring event 'DOMContentLoaded' because document has an invalid readyState of 'complete'.
JavaScript error: , line 0: NotFoundError: No such JSWindowActor 'MarionetteEvents'
JavaScript error: , line 0: NotFoundError: No such JSWindowActor 'MarionetteEvents'
JavaScript error: , line 0: uncaught exception: Object
JavaScript error: , line 0: uncaught exception: Object
JavaScript error: https://statics.teams.cdn.office.net/hashedjs/3.2-app.min-ba9605c.js, line 1: NS_ERROR_NOT_INITIALIZED: 
1612608233475	Marionette	INFO	Stopped listening on port 60008

###!!! [Child][RunMessage] Error: Channel closing: too late to send/recv, messages will be lost

1612608545154	geckodriver	INFO	Listening on 127.0.0.1:60156
1612608548103	mozrunner::runner	INFO	Running command: "C:\\Program Files\\Mozilla Firefox\\firefox.exe" "--marionette" "-foreground" "-no-remote" "-profile" "C:\\Users\\MKDE~1\\AppData\\Local\\Temp\\rust_mozprofileRkCxpr"
console.warn: SearchSettings: "get: No settings file exists, new profile?" (new Error("", "(unknown module)"))
1612608550892	Marionette	INFO	Listening on port 60165
1612608551329	Marionette	WARN	TLS certificate errors will be ignored for this session
1612608551343	Marionette	ERROR	[15] No reply from Marionette:Register
1612608561172	Marionette	WARN	Ignoring event 'DOMContentLoaded' because document has an invalid readyState of 'complete'.
JavaScript error: , line 0: NotFoundError: No such JSWindowActor 'MarionetteEvents'
JavaScript error: , line 0: NotFoundError: No such JSWindowActor 'MarionetteEvents'
JavaScript error: , line 0: uncaught exception: Object
JavaScript error: , line 0: uncaught exception: Object
1612608618436	Marionette	INFO	Stopped listening on port 60165

###!!! [Child][RunMessage] Error: Channel closing: too late to send/recv, messages will be lost

1612609054164	geckodriver	INFO	Listening on 127.0.0.1:60295
1612609057164	mozrunner::runner	INFO	Running command: "C:\\Program Files\\Mozilla Firefox\\firefox.exe" "--marionette" "-foreground" "-no-remote" "-profile" "C:\\Users\\MKDE~1\\AppData\\Local\\Temp\\rust_mozprofileRJgWWy"
console.warn: SearchSettings: "get: No settings file exists, new profile?" (new Error("", "(unknown module)"))
1612609060038	Marionette	INFO	Listening on port 60306
1612609060339	Marionette	WARN	TLS certificate errors will be ignored for this session
1612609060363	Marionette	ERROR	[18] No reply from Marionette:Register
console.warn: SearchSettings: "get: No settings file exists, new profile?" (new Error("", "(unknown module)"))
1612609069916	Marionette	WARN	Ignoring event 'DOMContentLoaded' because document has an invalid readyState of 'complete'.
JavaScript error: , line 0: NotFoundError: No such JSWindowActor 'MarionetteEvents'
JavaScript error: , line 0: NotFoundError: No such JSWindowActor 'MarionetteEvents'
JavaScript error: , line 0: uncaught exception: Object
JavaScript error: , line 0: uncaught exception: Object
1612609268290	Marionette	INFO	Stopped listening on port 60306

###!!! [Child][RunMessage] Error: Channel closing: too late to send/recv, messages will be lost

1612671849063	geckodriver	INFO	Listening on 127.0.0.1:50593
1612671852007	mozrunner::runner	INFO	Running command: "C:\\Program Files\\Mozilla Firefox\\firefox.exe" "--marionette" "-foreground" "-no-remote" "-profile" "C:\\Users\\MKDE~1\\AppData\\Local\\Temp\\rust_mozprofileZJm1Dp"
console.warn: SearchSettings: "get: No settings file exists, new profile?" (new Error("", "(unknown module)"))
1612671854720	Marionette	INFO	Listening on port 50605
1612671855232	Marionette	WARN	TLS certificate errors will be ignored for this session
1612671855250	Marionette	ERROR	[18] No reply from Marionette:Register
1612671857777	Marionette	INFO	Stopped listening on port 50605
JavaScript error: resource://activity-stream/lib/ASRouter.jsm, line 987: NS_ERROR_ILLEGAL_VALUE: Component returned failure code: 0x80070057 (NS_ERROR_ILLEGAL_VALUE) [nsIObserverService.removeObserver]
console.warn: services.settings: main/whats-new-panel sync interrupted by shutdown

###!!! [Child][RunMessage] Error: Channel closing: too late to send/recv, messages will be lost

1612671910070	geckodriver	INFO	Listening on 127.0.0.1:50663
1612671913071	mozrunner::runner	INFO	Running command: "C:\\Program Files\\Mozilla Firefox\\firefox.exe" "--marionette" "-foreground" "-no-remote" "-profile" "C:\\Users\\MKDE~1\\AppData\\Local\\Temp\\rust_mozprofile3PDwJS"
console.warn: SearchSettings: "get: No settings file exists, new profile?" (new Error("", "(unknown module)"))
1612671915556	Marionette	INFO	Listening on port 50671
1612671915771	Marionette	WARN	TLS certificate errors will be ignored for this session
1612671915786	Marionette	ERROR	[15] No reply from Marionette:Register
console.warn: SearchSettings: "get: No settings file exists, new profile?" (new Error("", "(unknown module)"))
1612671918126	Marionette	INFO	Stopped listening on port 50671
JavaScript error: resource://activity-stream/lib/ASRouter.jsm, line 987: NS_ERROR_ILLEGAL_VALUE: Component returned failure code: 0x80070057 (NS_ERROR_ILLEGAL_VALUE) [nsIObserverService.removeObserver]
console.warn: services.settings: main/whats-new-panel sync interrupted by shutdown

###!!! [Child][RunMessage] Error: Channel closing: too late to send/recv, messages will be lost

1612672346966	geckodriver	INFO	Listening on 127.0.0.1:50787
1612672349948	mozrunner::runner	INFO	Running command: "C:\\Program Files\\Mozilla Firefox\\firefox.exe" "--marionette" "-foreground" "-no-remote" "-profile" "C:\\Users\\MKDE~1\\AppData\\Local\\Temp\\rust_mozprofile0inln1"
console.warn: SearchSettings: "get: No settings file exists, new profile?" (new Error("", "(unknown module)"))
1612672352484	Marionette	INFO	Listening on port 50796
1612672352652	Marionette	WARN	TLS certificate errors will be ignored for this session
1612672352673	Marionette	ERROR	[15] No reply from Marionette:Register
console.warn: SearchSettings: "get: No settings file exists, new profile?" (new Error("", "(unknown module)"))
1612672354769	Marionette	INFO	Stopped listening on port 50796
JavaScript error: resource://activity-stream/lib/ASRouter.jsm, line 987: NS_ERROR_ILLEGAL_VALUE: Component returned failure code: 0x80070057 (NS_ERROR_ILLEGAL_VALUE) [nsIObserverService.removeObserver]

###!!! [Child][RunMessage] Error: Channel closing: too late to send/recv, messages will be lost

1612672457941	geckodriver	INFO	Listening on 127.0.0.1:50847
1612672460936	mozrunner::runner	INFO	Running command: "C:\\Program Files\\Mozilla Firefox\\firefox.exe" "--marionette" "-foreground" "-no-remote" "-profile" "C:\\Users\\MKDE~1\\AppData\\Local\\Temp\\rust_mozprofileBPDoGz"
console.warn: SearchSettings: "get: No settings file exists, new profile?" (new Error("", "(unknown module)"))
1612672463361	Marionette	INFO	Listening on port 50855
1612672463633	Marionette	WARN	TLS certificate errors will be ignored for this session
1612672463659	Marionette	ERROR	[18] No reply from Marionette:Register
1612672472115	Marionette	WARN	Ignoring event 'DOMContentLoaded' because document has an invalid readyState of 'complete'.
JavaScript error: , line 0: NotFoundError: No such JSWindowActor 'MarionetteEvents'
JavaScript error: , line 0: NotFoundError: No such JSWindowActor 'MarionetteEvents'
JavaScript error: , line 0: uncaught exception: Object
JavaScript error: , line 0: uncaught exception: Object
JavaScript error: https://statics.teams.cdn.office.net/hashedjs/3.2-app.min-ba9605c.js, line 1: NS_ERROR_NOT_INITIALIZED: 
1612672517715	Marionette	INFO	Stopped listening on port 50855

###!!! [Child][RunMessage] Error: Channel closing: too late to send/recv, messages will be lost

1612673308135	geckodriver	INFO	Listening on 127.0.0.1:51107
1612673311094	mozrunner::runner	INFO	Running command: "C:\\Program Files\\Mozilla Firefox\\firefox.exe" "--marionette" "-foreground" "-no-remote" "-profile" "C:\\Users\\MKDE~1\\AppData\\Local\\Temp\\rust_mozprofilev6OW3L"
console.warn: SearchSettings: "get: No settings file exists, new profile?" (new Error("", "(unknown module)"))
1612673313835	Marionette	INFO	Listening on port 51116
1612673314293	Marionette	WARN	TLS certificate errors will be ignored for this session
1612673314309	Marionette	ERROR	[15] No reply from Marionette:Register
1612673317675	Marionette	INFO	Stopped listening on port 51116
JavaScript error: resource://activity-stream/lib/ASRouter.jsm, line 987: NS_ERROR_ILLEGAL_VALUE: Component returned failure code: 0x80070057 (NS_ERROR_ILLEGAL_VALUE) [nsIObserverService.removeObserver]

###!!! [Child][RunMessage] Error: Channel closing: too late to send/recv, messages will be lost

1612673394986	geckodriver	INFO	Listening on 127.0.0.1:51180
1612673397995	mozrunner::runner	INFO	Running command: "C:\\Program Files\\Mozilla Firefox\\firefox.exe" "--marionette" "-foreground" "-no-remote" "-profile" "C:\\Users\\MKDE~1\\AppData\\Local\\Temp\\rust_mozprofileCDSUaX"
console.warn: SearchSettings: "get: No settings file exists, new profile?" (new Error("", "(unknown module)"))
1612673400711	Marionette	INFO	Listening on port 51188
1612673401230	Marionette	WARN	TLS certificate errors will be ignored for this session
1612673401244	Marionette	ERROR	[15] No reply from Marionette:Register
1612673406486	Marionette	INFO	Stopped listening on port 51188
JavaScript error: resource://activity-stream/lib/ASRouter.jsm, line 987: NS_ERROR_ILLEGAL_VALUE: Component returned failure code: 0x80070057 (NS_ERROR_ILLEGAL_VALUE) [nsIObserverService.removeObserver]

###!!! [Child][RunMessage] Error: Channel closing: too late to send/recv, messages will be lost

1612673438520	geckodriver	INFO	Listening on 127.0.0.1:51249
1612673441458	mozrunner::runner	INFO	Running command: "C:\\Program Files\\Mozilla Firefox\\firefox.exe" "--marionette" "-foreground" "-no-remote" "-profile" "C:\\Users\\MKDE~1\\AppData\\Local\\Temp\\rust_mozprofilet44h0Z"
console.warn: SearchSettings: "get: No settings file exists, new profile?" (new Error("", "(unknown module)"))
1612673443879	Marionette	INFO	Listening on port 51257
1612673444165	Marionette	WARN	TLS certificate errors will be ignored for this session
1612673444178	Marionette	ERROR	[18] No reply from Marionette:Register
1612673448713	Marionette	INFO	Stopped listening on port 51257
JavaScript error: resource://activity-stream/lib/ASRouter.jsm, line 987: NS_ERROR_ILLEGAL_VALUE: Component returned failure code: 0x80070057 (NS_ERROR_ILLEGAL_VALUE) [nsIObserverService.removeObserver]

###!!! [Child][RunMessage] Error: Channel closing: too late to send/recv, messages will be lost

1612673472183	geckodriver	INFO	Listening on 127.0.0.1:51304
1612673475144	mozrunner::runner	INFO	Running command: "C:\\Program Files\\Mozilla Firefox\\firefox.exe" "--marionette" "-foreground" "-no-remote" "-profile" "C:\\Users\\MKDE~1\\AppData\\Local\\Temp\\rust_mozprofile7Iw4pp"
console.warn: SearchSettings: "get: No settings file exists, new profile?" (new Error("", "(unknown module)"))
1612673477606	Marionette	INFO	Listening on port 51312
1612673477867	Marionette	WARN	TLS certificate errors will be ignored for this session
1612673477890	Marionette	ERROR	[18] No reply from Marionette:Register
console.warn: SearchSettings: "get: No settings file exists, new profile?" (new Error("", "(unknown module)"))
1612673481396	Marionette	INFO	Stopped listening on port 51312
JavaScript error: resource://activity-stream/lib/ASRouter.jsm, line 987: NS_ERROR_ILLEGAL_VALUE: Component returned failure code: 0x80070057 (NS_ERROR_ILLEGAL_VALUE) [nsIObserverService.removeObserver]
console.error: services.settings: 
  main/whats-new-panel Signature failed  TypeError: NetworkError when attempting to fetch resource.

###!!! [Child][RunMessage] Error: Channel closing: too late to send/recv, messages will be lost

1612673571459	geckodriver	INFO	Listening on 127.0.0.1:51365
1612673574418	mozrunner::runner	INFO	Running command: "C:\\Program Files\\Mozilla Firefox\\firefox.exe" "--marionette" "-foreground" "-no-remote" "-profile" "C:\\Users\\MKDE~1\\AppData\\Local\\Temp\\rust_mozprofileaAFAYL"
console.warn: SearchSettings: "get: No settings file exists, new profile?" (new Error("", "(unknown module)"))
1612673576952	Marionette	INFO	Listening on port 51373
1612673577130	Marionette	WARN	TLS certificate errors will be ignored for this session
1612673577156	Marionette	ERROR	[15] No reply from Marionette:Register
1612673582143	Marionette	INFO	Stopped listening on port 51373

###!!! [Child][RunMessage] Error: Channel closing: too late to send/recv, messages will be lost

1612673746233	geckodriver	INFO	Listening on 127.0.0.1:51430
1612673749172	mozrunner::runner	INFO	Running command: "C:\\Program Files\\Mozilla Firefox\\firefox.exe" "--marionette" "-foreground" "-no-remote" "-profile" "C:\\Users\\MKDE~1\\AppData\\Local\\Temp\\rust_mozprofileYHiYfm"
console.warn: SearchSettings: "get: No settings file exists, new profile?" (new Error("", "(unknown module)"))
1612673751641	Marionette	INFO	Listening on port 51440
1612673751870	Marionette	WARN	TLS certificate errors will be ignored for this session
1612673751897	Marionette	ERROR	[18] No reply from Marionette:Register
console.warn: SearchSettings: "get: No settings file exists, new profile?" (new Error("", "(unknown module)"))
1612673754897	Marionette	INFO	Stopped listening on port 51440

###!!! [Child][RunMessage] Error: Channel closing: too late to send/recv, messages will be lost

1612673768018	geckodriver	INFO	Listening on 127.0.0.1:51487
1612673771031	mozrunner::runner	INFO	Running command: "C:\\Program Files\\Mozilla Firefox\\firefox.exe" "--marionette" "-foreground" "-no-remote" "-profile" "C:\\Users\\MKDE~1\\AppData\\Local\\Temp\\rust_mozprofileBvWX9k"
console.warn: SearchSettings: "get: No settings file exists, new profile?" (new Error("", "(unknown module)"))
1612673773702	Marionette	INFO	Listening on port 51496
1612673774223	Marionette	WARN	TLS certificate errors will be ignored for this session
1612673774239	Marionette	ERROR	[15] No reply from Marionette:Register
1612673835905	Marionette	INFO	Stopped listening on port 51496

###!!! [Child][RunMessage] Error: Channel closing: too late to send/recv, messages will be lost

1612673840342	geckodriver	INFO	Listening on 127.0.0.1:51565
1612673843320	mozrunner::runner	INFO	Running command: "C:\\Program Files\\Mozilla Firefox\\firefox.exe" "--marionette" "-foreground" "-no-remote" "-profile" "C:\\Users\\MKDE~1\\AppData\\Local\\Temp\\rust_mozprofile5po2BM"
console.warn: SearchSettings: "get: No settings file exists, new profile?" (new Error("", "(unknown module)"))
1612673845904	Marionette	INFO	Listening on port 51574
1612673845996	Marionette	WARN	TLS certificate errors will be ignored for this session
[Parent 12432, IPC I/O Parent] WARNING: file /builds/worker/checkouts/gecko/ipc/chromium/src/base/process_util_win.cc:167
1612673846011	Marionette	ERROR	[18] No reply from Marionette:Register
console.warn: SearchSettings: "get: No settings file exists, new profile?" (new Error("", "(unknown module)"))
1612673983384	Marionette	INFO	Stopped listening on port 51574

###!!! [Child][RunMessage] Error: Channel closing: too late to send/recv, messages will be lost

1612673987076	geckodriver	INFO	Listening on 127.0.0.1:51647
1612673989974	mozrunner::runner	INFO	Running command: "C:\\Program Files\\Mozilla Firefox\\firefox.exe" "--marionette" "-foreground" "-no-remote" "-profile" "C:\\Users\\MKDE~1\\AppData\\Local\\Temp\\rust_mozprofileAyElmJ"
console.warn: SearchSettings: "get: No settings file exists, new profile?" (new Error("", "(unknown module)"))
1612673994857	Marionette	INFO	Listening on port 51655
1612673995319	Marionette	WARN	TLS certificate errors will be ignored for this session
1612673995347	Marionette	ERROR	[15] No reply from Marionette:Register
1612674082672	Marionette	INFO	Stopped listening on port 51655

###!!! [Child][RunMessage] Error: Channel closing: too late to send/recv, messages will be lost

1612674087301	geckodriver	INFO	Listening on 127.0.0.1:51728
1612674090175	mozrunner::runner	INFO	Running command: "C:\\Program Files\\Mozilla Firefox\\firefox.exe" "--marionette" "-foreground" "-no-remote" "-profile" "C:\\Users\\MKDE~1\\AppData\\Local\\Temp\\rust_mozprofileMtfcWW"
console.warn: SearchSettings: "get: No settings file exists, new profile?" (new Error("", "(unknown module)"))
1612674094858	Marionette	INFO	Listening on port 51737
1612674095023	Marionette	WARN	TLS certificate errors will be ignored for this session
1612674095046	Marionette	ERROR	[15] No reply from Marionette:Register
console.warn: SearchSettings: "get: No settings file exists, new profile?" (new Error("", "(unknown module)"))
1612674168012	Marionette	INFO	Stopped listening on port 51737

###!!! [Child][RunMessage] Error: Channel closing: too late to send/recv, messages will be lost

"--marionette" "-foreground" "-no-remote" "-profile" "C:\\Users\\MKDE~1\\AppData\\Local\\Temp\\rust_mozprofile6q0167"
console.warn: SearchSettings: "get: No settings file exists, new profile?" (new Error("", "(unknown module)"))
1612674171527	Marionette	INFO	Listening on port 51819
1612674171682	Marionette	WARN	TLS certificate errors will be ignored for this session
1612674171709	Marionette	ERROR	[15] No reply from Marionette:Register
console.warn: SearchSettings: "get: No settings file exists, new profile?" (new Error("", "(unknown module)"))
1612674184956	Marionette	INFO	Stopped listening on port 51819

###!!! [Child][RunMessage] Error: Channel closing: too late to send/recv, messages will be lost

1612675189435	geckodriver	INFO	Listening on 127.0.0.1:51964
1612675192434	mozrunner::runner	INFO	Running command: "C:\\Program Files\\Mozilla Firefox\\firefox.exe" "--marionette" "-foreground" "-no-remote" "-profile" "C:\\Users\\MKDE~1\\AppData\\Local\\Temp\\rust_mozprofileHHJs1n"
console.warn: SearchSettings: "get: No settings file exists, new profile?" (new Error("", "(unknown module)"))
1612675194761	Marionette	INFO	Listening on port 51973
1612675195126	Marionette	WARN	TLS certificate errors will be ignored for this session
1612675195137	Marionette	ERROR	[15] No reply from Marionette:Register
console.warn: SearchSettings: "get: No settings file exists, new profile?" (new Error("", "(unknown module)"))
1612675204530	Marionette	INFO	Stopped listening on port 51973
1612675305214	geckodriver	INFO	Listening on 127.0.0.1:52041
1612675308166	mozrunner::runner	INFO	Running command: "C:\\Program Files\\Mozilla Firefox\\firefox.exe" "--marionette" "-foreground" "-no-remote" "-profile" "C:\\Users\\MKDE~1\\AppData\\Local\\Temp\\rust_mozprofileNABDDv"
console.warn: SearchSettings: "get: No settings file exists, new profile?" (new Error("", "(unknown module)"))
1612675310368	Marionette	INFO	Listening on port 52050
1612675310834	Marionette	WARN	TLS certificate errors will be ignored for this session
1612675310847	Marionette	ERROR	[18] No reply from Marionette:Register
JavaScript error: , line 0: NotFoundError: No such JSWindowActor 'MarionetteEvents'
1612675320357	Marionette	WARN	Ignoring event 'DOMContentLoaded' because document has an invalid readyState of 'complete'.
JavaScript error: , line 0: NotFoundError: No such JSWindowActor 'MarionetteEvents'
JavaScript error: , line 0: uncaught exception: Object
JavaScript error: , line 0: uncaught exception: Object
Handler function _httpStopRequest threw an exception: [Exception... "Component returned failure code: 0x80004005 (NS_ERROR_FAILURE) [nsITraceableChannel.setNewListener]"  nsresult: "0x80004005 (NS_ERROR_FAILURE)"  location: "JS frame :: resource://devtools/server/actors/network-monitor/network-observer.js :: _setupResponseListener :: line 1086"  data: no]
Stack: _setupResponseListener@resource://devtools/server/actors/network-monitor/network-observer.js:1086:38
_createNetworkEvent@resource://devtools/server/actors/network-monitor/network-observer.js:912:12
_httpStopRequest@resource://devtools/server/actors/network-monitor/network-observer.js:409:14
exports.makeInfallible/<@resource://devtools/shared/ThreadSafeDevToolsUtils.js:103:22
Line: 1086, column: 0
console.error: ({})
1612675721497	Marionette	INFO	Stopped listening on port 52050

###!!! [Child][RunMessage] Error: Channel closing: too late to send/recv, messages will be lost

1612675725255	geckodriver	INFO	Listening on 127.0.0.1:52224
1612675728215	mozrunner::runner	INFO	Running command: "C:\\Program Files\\Mozilla Firefox\\firefox.exe" "--marionette" "-foreground" "-no-remote" "-profile" "C:\\Users\\MKDE~1\\AppData\\Local\\Temp\\rust_mozprofile7Qq5am"
console.warn: SearchSettings: "get: No settings file exists, new profile?" (new Error("", "(unknown module)"))
1612675730682	Marionette	INFO	Listening on port 52233
1612675730921	Marionette	WARN	TLS certificate errors will be ignored for this session
1612675730935	Marionette	ERROR	[15] No reply from Marionette:Register
JavaScript error: , line 0: NotFoundError: No such JSWindowActor 'MarionetteEvents'
1612675740836	Marionette	WARN	Ignoring event 'DOMContentLoaded' because document has an invalid readyState of 'complete'.
JavaScript error: , line 0: NotFoundError: No such JSWindowActor 'MarionetteEvents'
JavaScript error: , line 0: uncaught exception: Object
JavaScript error: , line 0: uncaught exception: Object
1612675805609	Marionette	INFO	Stopped listening on port 52233

###!!! [Child][RunMessage] Error: Channel closing: too late to send/recv, messages will be lost

1612675815798	geckodriver	INFO	Listening on 127.0.0.1:52384
1612675818712	mozrunner::runner	INFO	Running command: "C:\\Program Files\\Mozilla Firefox\\firefox.exe" "--marionette" "-foreground" "-no-remote" "-profile" "C:\\Users\\MKDE~1\\AppData\\Local\\Temp\\rust_mozprofileol2LW9"
console.warn: SearchSettings: "get: No settings file exists, new profile?" (new Error("", "(unknown module)"))
1612675821028	Marionette	INFO	Listening on port 52392
1612675821361	Marionette	WARN	TLS certificate errors will be ignored for this session
1612675821376	Marionette	ERROR	[18] No reply from Marionette:Register
1612675830541	Marionette	WARN	Ignoring event 'DOMContentLoaded' because document has an invalid readyState of 'complete'.
JavaScript error: , line 0: NotFoundError: No such JSWindowActor 'MarionetteEvents'
JavaScript error: , line 0: NotFoundError: No such JSWindowActor 'MarionetteEvents'
JavaScript error: , line 0: uncaught exception: Object
JavaScript error: , line 0: uncaught exception: Object
JavaScript error: https://statics.teams.cdn.office.net/hashedjs/3.2-app.min-ba9605c.js, line 1: NS_ERROR_NOT_INITIALIZED: 
JavaScript error: https://statics.teams.cdn.office.net/hashedjs/3.2-app.min-ba9605c.js, line 1: NS_ERROR_NOT_INITIALIZED: 
JavaScript error: https://statics.teams.cdn.office.net/hashedjs/3.2-app.min-ba9605c.js, line 1: NS_ERROR_NOT_INITIALIZED: 
JavaScript error: https://statics.teams.cdn.office.net/hashedjs/3.2-app.min-ba9605c.js, line 1: NS_ERROR_NOT_INITIALIZED: 
JavaScript error: https://statics.teams.cdn.office.net/hashedjs/3.2-app.min-ba9605c.js, line 1: NS_ERROR_NOT_INITIALIZED: 
JavaScript error: https://statics.teams.cdn.office.net/hashedjs/3.2-app.min-ba9605c.js, line 1: NS_ERROR_NOT_INITIALIZED: 
JavaScript error: https://statics.teams.cdn.office.net/hashedjs/0-angular-jquery.min-eee9041.js, line 44: NS_ERROR_NOT_INITIALIZED: 
JavaScript error: https://statics.teams.cdn.office.net/hashedjs/0-angular-jquery.min-eee9041.js, line 44: NS_ERROR_NOT_INITIALIZED: 

###!!! [Child][RunMessage] Error: Channel closing: too late to send/recv, messages will be lost

1612675880032	Marionette	INFO	Stopped listening on port 52392

###!!! [Child][RunMessage] Error: Channel closing: too late to send/recv, messages will be lost

1612675901270	geckodriver	INFO	Listening on 127.0.0.1:52503
1612675904246	mozrunner::runner	INFO	Running command: "C:\\Program Files\\Mozilla Firefox\\firefox.exe" "--marionette" "-foreground" "-no-remote" "-profile" "C:\\Users\\MKDE~1\\AppData\\Local\\Temp\\rust_mozprofileRbSU2b"
console.warn: SearchSettings: "get: No settings file exists, new profile?" (new Error("", "(unknown module)"))
1612675906695	Marionette	INFO	Listening on port 52511
1612675906942	Marionette	WARN	TLS certificate errors will be ignored for this session
1612675906959	Marionette	ERROR	[15] No reply from Marionette:Register
console.warn: SearchSettings: "get: No settings file exists, new profile?" (new Error("", "(unknown module)"))
1612675917788	Marionette	WARN	Ignoring event 'DOMContentLoaded' because document has an invalid readyState of 'complete'.
JavaScript error: , line 0: NotFoundError: No such JSWindowActor 'MarionetteEvents'
JavaScript error: , line 0: NotFoundError: No such JSWindowActor 'MarionetteEvents'
JavaScript error: , line 0: uncaught exception: Object
JavaScript error: , line 0: uncaught exception: Object
1612676048156	Marionette	INFO	Stopped listening on port 52511

###!!! [Child][RunMessage] Error: Channel closing: too late to send/recv, messages will be lost

1612676052157	geckodriver	INFO	Listening on 127.0.0.1:52666
1612676055125	mozrunner::runner	INFO	Running command: "C:\\Program Files\\Mozilla Firefox\\firefox.exe" "--marionette" "-foreground" "-no-remote" "-profile" "C:\\Users\\MKDE~1\\AppData\\Local\\Temp\\rust_mozprofileKdadTq"
console.warn: SearchSettings: "get: No settings file exists, new profile?" (new Error("", "(unknown module)"))
1612676057375	Marionette	INFO	Listening on port 52677
1612676057797	Marionette	WARN	TLS certificate errors will be ignored for this session
1612676057809	Marionette	ERROR	[15] No reply from Marionette:Register
console.warn: SearchSettings: "get: No settings file exists, new profile?" (new Error("", "(unknown module)"))
1612676065579	Marionette	WARN	Ignoring event 'DOMContentLoaded' because document has an invalid readyState of 'complete'.
JavaScript error: , line 0: NotFoundError: No such JSWindowActor 'MarionetteEvents'
JavaScript error: , line 0: NotFoundError: No such JSWindowActor 'MarionetteEvents'
JavaScript error: , line 0: uncaught exception: Object
JavaScript error: , line 0: uncaught exception: Object
Handler function _httpStopRequest threw an exception: [Exception... "Component returned failure code: 0x80004005 (NS_ERROR_FAILURE) [nsITraceableChannel.setNewListener]"  nsresult: "0x80004005 (NS_ERROR_FAILURE)"  location: "JS frame :: resource://devtools/server/actors/network-monitor/network-observer.js :: _setupResponseListener :: line 1086"  data: no]
Stack: _setupResponseListener@resource://devtools/server/actors/network-monitor/network-observer.js:1086:38
_createNetworkEvent@resource://devtools/server/actors/network-monitor/network-observer.js:912:12
_httpStopRequest@resource://devtools/server/actors/network-monitor/network-observer.js:409:14
exports.makeInfallible/<@resource://devtools/shared/ThreadSafeDevToolsUtils.js:103:22
Line: 1086, column: 0
console.error: ({})
1612676457552	Marionette	INFO	Stopped listening on port 52677

###!!! [Child][RunMessage] Error: Channel closing: too late to send/recv, messages will be lost

1612676475786	geckodriver	INFO	Listening on 127.0.0.1:52856
1612676478753	mozrunner::runner	INFO	Running command: "C:\\Program Files\\Mozilla Firefox\\firefox.exe" "--marionette" "-foreground" "-no-remote" "-profile" "C:\\Users\\MKDE~1\\AppData\\Local\\Temp\\rust_mozprofile2Jvpgb"
console.warn: SearchSettings: "get: No settings file exists, new profile?" (new Error("", "(unknown module)"))
1612676481136	Marionette	INFO	Listening on port 52865
1612676481433	Marionette	WARN	TLS certificate errors will be ignored for this session
1612676481447	Marionette	ERROR	[15] No reply from Marionette:Register
console.warn: SearchSettings: "get: No settings file exists, new profile?" (new Error("", "(unknown module)"))
JavaScript error: , line 0: NotFoundError: No such JSWindowActor 'MarionetteEvents'
1612676489174	Marionette	WARN	Ignoring event 'DOMContentLoaded' because document has an invalid readyState of 'complete'.
JavaScript error: , line 0: NotFoundError: No such JSWindowActor 'MarionetteEvents'
JavaScript error: , line 0: uncaught exception: Object
JavaScript error: , line 0: uncaught exception: Object
1612676540285	Marionette	WARN	TimedPromise timed out after 500 ms: stacktrace:
TimedPromise/<@chrome://marionette/content/sync.js:235:19
TimedPromise@chrome://marionette/content/sync.js:220:10
interaction.flushEventLoop@chrome://marionette/content/interaction.js:418:10
webdriverClickElement@chrome://marionette/content/interaction.js:179:31
1612676569938	Marionette	INFO	Stopped listening on port 52865

###!!! [Child][RunMessage] Error: Channel closing: too late to send/recv, messages will be lost

1612843851515	geckodriver	INFO	Listening on 127.0.0.1:51322
1612843854517	mozrunner::runner	INFO	Running command: "C:\\Program Files\\Mozilla Firefox\\firefox.exe" "--marionette" "-foreground" "-no-remote" "-profile" "C:\\Users\\MKDE~1\\AppData\\Local\\Temp\\rust_mozprofileIM9Fel"
console.warn: SearchSettings: "get: No settings file exists, new profile?" (new Error("", "(unknown module)"))
1612843856925	Marionette	INFO	Listening on port 51331
1612843857203	Marionette	WARN	TLS certificate errors will be ignored for this session
1612843857218	Marionette	ERROR	[15] No reply from Marionette:Register
JavaScript error: https://login.microsoftonline.com/common/oauth2/authorize?response_type=id_token&client_id=5e3ce6c0-2b1f-4285-8d4b-75ee78787346&redirect_uri=https%3A%2F%2Fteams.microsoft.com%2Fgo&state=0170a2b5-88be-4501-b346-7e5509ae5646&&client-request-id=081c4710-8d26-4e00-bf2f-e65bfebff857&x-client-SKU=Js&x-client-Ver=1.0.9&nonce=1eaec18b-2f7c-410a-8bf5-cffbd608cce6&domain_hint=, line 49: uncaught exception: [Retry 0] Failed to load external resource ['https://aadcdn.msauth.net/shared/1.0/content/js/ConvergedLogin_PCore_LM9cCcf0SdMOdjrXR1CnzA2.js'], reloading from fallback CDN endpoint
1612843907659	Marionette	INFO	Stopped listening on port 51331

###!!! [Child][RunMessage] Error: Channel closing: too late to send/recv, messages will be lost

1612843914921	geckodriver	INFO	Listening on 127.0.0.1:51411
1612843917913	mozrunner::runner	INFO	Running command: "C:\\Program Files\\Mozilla Firefox\\firefox.exe" "--marionette" "-foreground" "-no-remote" "-profile" "C:\\Users\\MKDE~1\\AppData\\Local\\Temp\\rust_mozprofileSrFCMI"
console.warn: SearchSettings: "get: No settings file exists, new profile?" (new Error("", "(unknown module)"))
1612843920227	Marionette	INFO	Listening on port 51419
1612843920577	Marionette	WARN	TLS certificate errors will be ignored for this session
1612843920588	Marionette	ERROR	[18] No reply from Marionette:Register
JavaScript error: , line 0: NotFoundError: No such JSWindowActor 'MarionetteEvents'
1612843937198	Marionette	WARN	Ignoring event 'DOMContentLoaded' because document has an invalid readyState of 'complete'.
JavaScript error: , line 0: NotFoundError: No such JSWindowActor 'MarionetteEvents'
JavaScript error: https://statics.teams.cdn.office.net/hashedjs/0-angular-jquery.min-eee9041.js, line 1: NS_ERROR_NOT_INITIALIZED: 
1612844006335	Marionette	INFO	Stopped listening on port 51419

###!!! [Child][RunMessage] Error: Channel closing: too late to send/recv, messages will be lost

1612844030526	geckodriver	INFO	Listening on 127.0.0.1:51537
1612844033469	mozrunner::runner	INFO	Running command: "C:\\Program Files\\Mozilla Firefox\\firefox.exe" "--marionette" "-foreground" "-no-remote" "-profile" "C:\\Users\\MKDE~1\\AppData\\Local\\Temp\\rust_mozprofileKoXAg1"
console.warn: SearchSettings: "get: No settings file exists, new profile?" (new Error("", "(unknown module)"))
1612844036032	Marionette	INFO	Listening on port 51550
1612844036142	Marionette	WARN	TLS certificate errors will be ignored for this session
1612844036165	Marionette	ERROR	[15] No reply from Marionette:Register
1612844064025	Marionette	INFO	Stopped listening on port 51550

###!!! [Child][RunMessage] Error: Channel closing: too late to send/recv, messages will be lost

1612844068456	geckodriver	INFO	Listening on 127.0.0.1:51639
1612844071448	mozrunner::runner	INFO	Running command: "C:\\Program Files\\Mozilla Firefox\\firefox.exe" "--marionette" "-foreground" "-no-remote" "-profile" "C:\\Users\\MKDE~1\\AppData\\Local\\Temp\\rust_mozprofilewxlu85"
console.warn: SearchSettings: "get: No settings file exists, new profile?" (new Error("", "(unknown module)"))
1612844073678	Marionette	INFO	Listening on port 51647
1612844074132	Marionette	WARN	TLS certificate errors will be ignored for this session
1612844074146	Marionette	ERROR	[15] No reply from Marionette:Register
JavaScript error: , line 0: NotFoundError: No such JSWindowActor 'MarionetteEvents'
1612844089845	Marionette	WARN	Ignoring event 'DOMContentLoaded' because document has an invalid readyState of 'complete'.
JavaScript error: , line 0: NotFoundError: No such JSWindowActor 'MarionetteEvents'
JavaScript error: https://statics.teams.cdn.office.net/hashedjs/0-angular-jquery.min-eee9041.js, line 1: NS_ERROR_NOT_INITIALIZED: 
[Child 4348, IPC I/O Child] WARNING: pipe error: 232: file /builds/worker/checkouts/gecko/ipc/chromium/src/chrome/common/ipc_channel_win.cc:545

###!!! [Child][MessageChannel] Error: (msgtype=0x5B000E,name=PHttpChannel::Msg___delete__) Channel error: cannot send/recv


###!!! [Child][RunMessage] Error: Channel error: cannot send/recv


###!!! [Child][RunMessage] Error: Channel error: cannot send/recv

1612844148906	Marionette	INFO	Stopped listening on port 51647

###!!! [Child][RunMessage] Error: Channel closing: too late to send/recv, messages will be lost

1612865204892	geckodriver	INFO	Listening on 127.0.0.1:57724
1612865207878	mozrunner::runner	INFO	Running command: "C:\\Program Files\\Mozilla Firefox\\firefox.exe" "--marionette" "-foreground" "-no-remote" "-profile" "C:\\Users\\MKDE~1\\AppData\\Local\\Temp\\rust_mozprofileJ5mmRU"
console.warn: SearchSettings: "get: No settings file exists, new profile?" (new Error("", "(unknown module)"))
1612865210318	Marionette	INFO	Listening on port 57739
1612865210570	Marionette	WARN	TLS certificate errors will be ignored for this session
1612865210583	Marionette	ERROR	[15] No reply from Marionette:Register
1612865219939	Marionette	WARN	Ignoring event 'DOMContentLoaded' because document has an invalid readyState of 'complete'.
JavaScript error: , line 0: NotFoundError: No such JSWindowActor 'MarionetteEvents'
JavaScript error: , line 0: NotFoundError: No such JSWindowActor 'MarionetteEvents'
JavaScript error: , line 0: uncaught exception: Object
JavaScript error: , line 0: uncaught exception: Object
JavaScript error: https://statics.teams.cdn.office.net/hashedjs/3.2-app.min-ba9605c.js, line 1: NS_ERROR_NOT_INITIALIZED: 
1612865293798	Marionette	INFO	Stopped listening on port 57739

###!!! [Child][RunMessage] Error: Channel closing: too late to send/recv, messages will be lost

1612865307808	geckodriver	INFO	Listening on 127.0.0.1:57892
1612865310786	mozrunner::runner	INFO	Running command: "C:\\Program Files\\Mozilla Firefox\\firefox.exe" "--marionette" "-foreground" "-no-remote" "-profile" "C:\\Users\\MKDE~1\\AppData\\Local\\Temp\\rust_mozprofileUAhze8"
console.warn: SearchSettings: "get: No settings file exists, new profile?" (new Error("", "(unknown module)"))
1612865313372	Marionette	INFO	Listening on port 57900
1612865313477	Marionette	WARN	TLS certificate errors will be ignored for this session
1612865313496	Marionette	ERROR	[15] No reply from Marionette:Register
1612865323189	Marionette	WARN	Ignoring event 'DOMContentLoaded' because document has an invalid readyState of 'complete'.
JavaScript error: , line 0: NotFoundError: No such JSWindowActor 'MarionetteEvents'
JavaScript error: , line 0: NotFoundError: No such JSWindowActor 'MarionetteEvents'
JavaScript error: , line 0: uncaught exception: Object
JavaScript error: , line 0: uncaught exception: Object
1612865423750	Marionette	WARN	TimedPromise timed out after 500 ms: stacktrace:
TimedPromise/<@chrome://marionette/content/sync.js:235:19
TimedPromise@chrome://marionette/content/sync.js:220:10
interaction.flushEventLoop@chrome://marionette/content/interaction.js:418:10
webdriverClickElement@chrome://marionette/content/interaction.js:179:31
1612865524434	Marionette	INFO	Stopped listening on port 57900

###!!! [Child][RunMessage] Error: Channel closing: too late to send/recv, messages will be lost

"--marionette" "-foreground" "-no-remote" "-profile" "C:\\Users\\MKDE~1\\AppData\\Local\\Temp\\rust_mozprofilemCaJsb"
console.warn: SearchSettings: "get: No settings file exists, new profile?" (new Error("", "(unknown module)"))
1612865498230	Marionette	INFO	Listening on port 58092
1612865498392	Marionette	WARN	TLS certificate errors will be ignored for this session
1612865498408	Marionette	ERROR	[18] No reply from Marionette:Register
JavaScript error: , line 0: NotFoundError: No such JSWindowActor 'MarionetteEvents'
1612865510916	Marionette	WARN	Ignoring event 'DOMContentLoaded' because document has an invalid readyState of 'complete'.
JavaScript error: , line 0: NotFoundError: No such JSWindowActor 'MarionetteEvents'
JavaScript error: , line 0: uncaught exception: Object
JavaScript error: , line 0: uncaught exception: Object
1612865611648	Marionette	WARN	TimedPromise timed out after 500 ms: stacktrace:
TimedPromise/<@chrome://marionette/content/sync.js:235:19
TimedPromise@chrome://marionette/content/sync.js:220:10
interaction.flushEventLoop@chrome://marionette/content/interaction.js:418:10
webdriverClickElement@chrome://marionette/content/interaction.js:179:31
1612865643048	Marionette	INFO	Stopped listening on port 58092

###!!! [Child][RunMessage] Error: Channel closing: too late to send/recv, messages will be lost

1612865653076	geckodriver	INFO	Listening on 127.0.0.1:58252
1612865656062	mozrunner::runner	INFO	Running command: "C:\\Program Files\\Mozilla Firefox\\firefox.exe" "--marionette" "-foreground" "-no-remote" "-profile" "C:\\Users\\MKDE~1\\AppData\\Local\\Temp\\rust_mozprofilecdkT3x"
console.warn: SearchSettings: "get: No settings file exists, new profile?" (new Error("", "(unknown module)"))
1612865658339	Marionette	INFO	Listening on port 58261
1612865658723	Marionette	WARN	TLS certificate errors will be ignored for this session
1612865658737	Marionette	ERROR	[15] No reply from Marionette:Register
console.warn: SearchSettings: "get: No settings file exists, new profile?" (new Error("", "(unknown module)"))
1612865673353	Marionette	WARN	Ignoring event 'DOMContentLoaded' because document has an invalid readyState of 'complete'.
JavaScript error: , line 0: NotFoundError: No such JSWindowActor 'MarionetteEvents'
JavaScript error: , line 0: NotFoundError: No such JSWindowActor 'MarionetteEvents'
JavaScript error: , line 0: uncaught exception: Object
JavaScript error: , line 0: uncaught exception: Object
1612865773902	Marionette	WARN	TimedPromise timed out after 500 ms: stacktrace:
TimedPromise/<@chrome://marionette/content/sync.js:235:19
TimedPromise@chrome://marionette/content/sync.js:220:10
interaction.flushEventLoop@chrome://marionette/content/interaction.js:418:10
webdriverClickElement@chrome://marionette/content/interaction.js:179:31
1612865811893	Marionette	INFO	Stopped listening on port 58261

###!!! [Child][RunMessage] Error: Channel closing: too late to send/recv, messages will be lost

1612876345153	geckodriver	INFO	Listening on 127.0.0.1:61467
1612876348209	mozrunner::runner	INFO	Running command: "C:\\Program Files\\Mozilla Firefox\\firefox.exe" "--marionette" "-foreground" "-no-remote" "-profile" "C:\\Users\\MKDE~1\\AppData\\Local\\Temp\\rust_mozprofileYRYfM1"
console.warn: SearchSettings: "get: No settings file exists, new profile?" (new Error("", "(unknown module)"))
1612876351150	Marionette	INFO	Listening on port 61478
1612876351397	Marionette	WARN	TLS certificate errors will be ignored for this session
1612876351421	Marionette	ERROR	[15] No reply from Marionette:Register
JavaScript error: , line 0: NotFoundError: No such JSWindowActor 'MarionetteEvents'
1612876366074	Marionette	WARN	Ignoring event 'DOMContentLoaded' because document has an invalid readyState of 'complete'.
JavaScript error: , line 0: NotFoundError: No such JSWindowActor 'MarionetteEvents'
JavaScript error: , line 0: uncaught exception: Object
JavaScript error: , line 0: uncaught exception: Object
JavaScript error: https://statics.teams.cdn.office.net/hashedjs/3.2-app.min-ba9605c.js, line 1: NS_ERROR_NOT_INITIALIZED: 
JavaScript error: https://statics.teams.cdn.office.net/hashedjs/3.2-app.min-ba9605c.js, line 1: NS_ERROR_NOT_INITIALIZED: 
JavaScript error: https://statics.teams.cdn.office.net/hashedjs/0-angular-jquery.min-eee9041.js, line 44: NS_ERROR_NOT_INITIALIZED: 
JavaScript error: https://statics.teams.cdn.office.net/hashedjs/0-angular-jquery.min-eee9041.js, line 44: NS_ERROR_NOT_INITIALIZED: 
JavaScript error: https://statics.teams.cdn.office.net/hashedjs/0-angular-jquery.min-eee9041.js, line 44: NS_ERROR_NOT_INITIALIZED: 
JavaScript error: https://statics.teams.cdn.office.net/hashedjs/3.2-app.min-ba9605c.js, line 1: NS_ERROR_NOT_INITIALIZED: 
JavaScript error: https://statics.teams.cdn.office.net/hashedjs/3.2-app.min-ba9605c.js, line 1: NS_ERROR_NOT_INITIALIZED: 
JavaScript error: https://statics.teams.cdn.office.net/hashedjs/3.2-app.min-ba9605c.js, line 1: NS_ERROR_NOT_INITIALIZED: 
JavaScript error: https://statics.teams.cdn.office.net/hashedjs/3.2-app.min-ba9605c.js, line 1: NS_ERROR_NOT_INITIALIZED: 
JavaScript error: https://statics.teams.cdn.office.net/hashedjs/3.2-app.min-ba9605c.js, line 1: NS_ERROR_NOT_INITIALIZED: 
JavaScript error: https://statics.teams.cdn.office.net/hashedjs/3.2-app.min-ba9605c.js, line 1: NS_ERROR_NOT_INITIALIZED: 
JavaScript error: https://statics.teams.cdn.office.net/hashedjs/3.2-app.min-ba9605c.js, line 1: NS_ERROR_NOT_INITIALIZED: 
JavaScript error: https://statics.teams.cdn.office.net/hashedjs/3.2-app.min-ba9605c.js, line 1: NS_ERROR_NOT_INITIALIZED: 
JavaScript error: https://statics.teams.cdn.office.net/hashedjs/3.2-app.min-ba9605c.js, line 1: NS_ERROR_NOT_INITIALIZED: 
JavaScript error: https://statics.teams.cdn.office.net/hashedjs/3.2-app.min-ba9605c.js, line 1: NS_ERROR_NOT_INITIALIZED: 
1612876503740	Marionette	INFO	Stopped listening on port 61478

###!!! [Child][RunMessage] Error: Channel closing: too late to send/recv, messages will be lost

1612876835372	geckodriver	INFO	Listening on 127.0.0.1:61630
1612876838313	mozrunner::runner	INFO	Running command: "C:\\Program Files\\Mozilla Firefox\\firefox.exe" "--marionette" "-foreground" "-no-remote" "-profile" "C:\\Users\\MKDE~1\\AppData\\Local\\Temp\\rust_mozprofileEnt4YK"
console.warn: SearchSettings: "get: No settings file exists, new profile?" (new Error("", "(unknown module)"))
1612876841159	Marionette	INFO	Listening on port 61641
1612876841528	Marionette	WARN	TLS certificate errors will be ignored for this session
1612876841546	Marionette	ERROR	[15] No reply from Marionette:Register
1612876866286	Marionette	INFO	Stopped listening on port 61641

###!!! [Child][RunMessage] Error: Channel closing: too late to send/recv, messages will be lost

1612877150738	geckodriver	INFO	Listening on 127.0.0.1:61718
1612877153714	mozrunner::runner	INFO	Running command: "C:\\Program Files\\Mozilla Firefox\\firefox.exe" "--marionette" "-foreground" "-no-remote" "-profile" "C:\\Users\\MKDE~1\\AppData\\Local\\Temp\\rust_mozprofile0WhrXT"
console.warn: SearchSettings: "get: No settings file exists, new profile?" (new Error("", "(unknown module)"))
1612877156621	Marionette	INFO	Listening on port 61729
1612877156897	Marionette	WARN	TLS certificate errors will be ignored for this session
1612877156914	Marionette	ERROR	[15] No reply from Marionette:Register
JavaScript error: , line 0: NotFoundError: No such JSWindowActor 'MarionetteEvents'
1612877172019	Marionette	WARN	Ignoring event 'DOMContentLoaded' because document has an invalid readyState of 'complete'.
JavaScript error: , line 0: NotFoundError: No such JSWindowActor 'MarionetteEvents'
JavaScript error: , line 0: uncaught exception: Object
JavaScript error: , line 0: uncaught exception: Object
JavaScript error: , line 0: NotFoundError: No such JSWindowActor 'MarionetteEvents'
1612877273115	Marionette	WARN	TimedPromise timed out after 500 ms: stacktrace:
TimedPromise/<@chrome://marionette/content/sync.js:235:19
TimedPromise@chrome://marionette/content/sync.js:220:10
interaction.flushEventLoop@chrome://marionette/content/interaction.js:418:10
webdriverClickElement@chrome://marionette/content/interaction.js:179:31
1612877371671	Marionette	INFO	Stopped listening on port 61729

###!!! [Child][RunMessage] Error: Channel closing: too late to send/recv, messages will be lost

1612877383251	geckodriver	INFO	Listening on 127.0.0.1:61915
1612877386215	mozrunner::runner	INFO	Running command: "C:\\Program Files\\Mozilla Firefox\\firefox.exe" "--marionette" "-foreground" "-no-remote" "-profile" "C:\\Users\\MKDE~1\\AppData\\Local\\Temp\\rust_mozprofileD3CCqA"
console.warn: SearchSettings: "get: No settings file exists, new profile?" (new Error("", "(unknown module)"))
1612877389059	Marionette	INFO	Listening on port 61927
1612877389413	Marionette	WARN	TLS certificate errors will be ignored for this session
1612877389429	Marionette	ERROR	[18] No reply from Marionette:Register
JavaScript error: , line 0: NotFoundError: No such JSWindowActor 'MarionetteEvents'
1612877413813	Marionette	WARN	Ignoring event 'DOMContentLoaded' because document has an invalid readyState of 'complete'.
JavaScript error: , line 0: NotFoundError: No such JSWindowActor 'MarionetteEvents'
JavaScript error: , line 0: uncaught exception: Object
JavaScript error: https://statics.teams.cdn.office.net/hashedjs/0-angular-jquery.min-eee9041.js, line 1: NS_ERROR_NOT_INITIALIZED: 
1612877584137	Marionette	INFO	Stopped listening on port 61927

###!!! [Child][RunMessage] Error: Channel closing: too late to send/recv, messages will be lost

1612877670241	geckodriver	INFO	Listening on 127.0.0.1:62062
1612877673191	mozrunner::runner	INFO	Running command: "C:\\Program Files\\Mozilla Firefox\\firefox.exe" "--marionette" "-foreground" "-no-remote" "-profile" "C:\\Users\\MKDE~1\\AppData\\Local\\Temp\\rust_mozprofilee6I7yQ"
console.warn: SearchSettings: "get: No settings file exists, new profile?" (new Error("", "(unknown module)"))
1612877675762	Marionette	INFO	Listening on port 62071
1612877675920	Marionette	WARN	TLS certificate errors will be ignored for this session
1612877675942	Marionette	ERROR	[15] No reply from Marionette:Register
JavaScript error: https://statics.teams.cdn.office.net/hashedjs/0-angular-jquery.min-eee9041.js, line 1: NS_ERROR_NOT_INITIALIZED: 
[Child 12700, IPC I/O Child] WARNING: pipe error: 232: file /builds/worker/checkouts/gecko/ipc/chromium/src/chrome/common/ipc_channel_win.cc:545

###!!! [Child][RunMessage] Error: Channel error: cannot send/recv

1612877850709	Marionette	INFO	Stopped listening on port 62071

###!!! [Child][RunMessage] Error: Channel closing: too late to send/recv, messages will be lost

1612877991793	geckodriver	INFO	Listening on 127.0.0.1:62209
1612877994744	mozrunner::runner	INFO	Running command: "C:\\Program Files\\Mozilla Firefox\\firefox.exe" "--marionette" "-foreground" "-no-remote" "-profile" "C:\\Users\\MKDE~1\\AppData\\Local\\Temp\\rust_mozprofileGX5mT8"
console.warn: SearchSettings: "get: No settings file exists, new profile?" (new Error("", "(unknown module)"))
1612877997689	Marionette	INFO	Listening on port 62218
1612877997942	Marionette	WARN	TLS certificate errors will be ignored for this session
1612877997968	Marionette	ERROR	[15] No reply from Marionette:Register
1612878009461	Marionette	WARN	Ignoring event 'DOMContentLoaded' because document has an invalid readyState of 'complete'.
JavaScript error: , line 0: NotFoundError: No such JSWindowActor 'MarionetteEvents'
JavaScript error: , line 0: NotFoundError: No such JSWindowActor 'MarionetteEvents'
JavaScript error: , line 0: uncaught exception: Object
JavaScript error: , line 0: uncaught exception: Object
1612878110101	Marionette	WARN	TimedPromise timed out after 500 ms: stacktrace:
TimedPromise/<@chrome://marionette/content/sync.js:235:19
TimedPromise@chrome://marionette/content/sync.js:220:10
interaction.flushEventLoop@chrome://marionette/content/interaction.js:418:10
webdriverClickElement@chrome://marionette/content/interaction.js:179:31
1612878147001	Marionette	INFO	Stopped listening on port 62218

###!!! [Child][RunMessage] Error: Channel closing: too late to send/recv, messages will be lost

1612878164754	geckodriver	INFO	Listening on 127.0.0.1:62375
1612878167692	mozrunner::runner	INFO	Running command: "C:\\Program Files\\Mozilla Firefox\\firefox.exe" "--marionette" "-foreground" "-no-remote" "-profile" "C:\\Users\\MKDE~1\\AppData\\Local\\Temp\\rust_mozprofileniUTj4"
console.warn: SearchSettings: "get: No settings file exists, new profile?" (new Error("", "(unknown module)"))
1612878170353	Marionette	INFO	Listening on port 62384
1612878170885	Marionette	WARN	TLS certificate errors will be ignored for this session
1612878170904	Marionette	ERROR	[15] No reply from Marionette:Register
1612878182649	Marionette	WARN	Ignoring event 'DOMContentLoaded' because document has an invalid readyState of 'complete'.
JavaScript error: , line 0: NotFoundError: No such JSWindowActor 'MarionetteEvents'
JavaScript error: , line 0: NotFoundError: No such JSWindowActor 'MarionetteEvents'
JavaScript error: , line 0: uncaught exception: Object
JavaScript error: , line 0: uncaught exception: Object
1612878283606	Marionette	WARN	TimedPromise timed out after 500 ms: stacktrace:
TimedPromise/<@chrome://marionette/content/sync.js:235:19
TimedPromise@chrome://marionette/content/sync.js:220:10
interaction.flushEventLoop@chrome://marionette/content/interaction.js:418:10
webdriverClickElement@chrome://marionette/content/interaction.js:179:31
1612878325085	Marionette	INFO	Stopped listening on port 62384

###!!! [Child][RunMessage] Error: Channel closing: too late to send/recv, messages will be lost

1612878346119	geckodriver	INFO	Listening on 127.0.0.1:62552
1612878349086	mozrunner::runner	INFO	Running command: "C:\\Program Files\\Mozilla Firefox\\firefox.exe" "--marionette" "-foreground" "-no-remote" "-profile" "C:\\Users\\MKDE~1\\AppData\\Local\\Temp\\rust_mozprofilegF8tsP"
console.warn: SearchSettings: "get: No settings file exists, new profile?" (new Error("", "(unknown module)"))
1612878351905	Marionette	INFO	Listening on port 62561
1612878352302	Marionette	WARN	TLS certificate errors will be ignored for this session
1612878352320	Marionette	ERROR	[18] No reply from Marionette:Register
1612878365556	Marionette	WARN	Ignoring event 'DOMContentLoaded' because document has an invalid readyState of 'complete'.
JavaScript error: , line 0: NotFoundError: No such JSWindowActor 'MarionetteEvents'
JavaScript error: , line 0: NotFoundError: No such JSWindowActor 'MarionetteEvents'
JavaScript error: , line 0: uncaught exception: Object
JavaScript error: , line 0: uncaught exception: Object
1612878466271	Marionette	WARN	TimedPromise timed out after 500 ms: stacktrace:
TimedPromise/<@chrome://marionette/content/sync.js:235:19
TimedPromise@chrome://marionette/content/sync.js:220:10
interaction.flushEventLoop@chrome://marionette/content/interaction.js:418:10
webdriverClickElement@chrome://marionette/content/interaction.js:179:31
Handler function _httpStopRequest threw an exception: [Exception... "Component returned failure code: 0x80004005 (NS_ERROR_FAILURE) [nsITraceableChannel.setNewListener]"  nsresult: "0x80004005 (NS_ERROR_FAILURE)"  location: "JS frame :: resource://devtools/server/actors/network-monitor/network-observer.js :: _setupResponseListener :: line 1086"  data: no]
Stack: _setupResponseListener@resource://devtools/server/actors/network-monitor/network-observer.js:1086:38
_createNetworkEvent@resource://devtools/server/actors/network-monitor/network-observer.js:912:12
_httpStopRequest@resource://devtools/server/actors/network-monitor/network-observer.js:409:14
exports.makeInfallible/<@resource://devtools/shared/ThreadSafeDevToolsUtils.js:103:22
Line: 1086, column: 0
console.error: ({})
Handler function _httpStopRequest threw an exception: [Exception... "Component returned failure code: 0x80004005 (NS_ERROR_FAILURE) [nsITraceableChannel.setNewListener]"  nsresult: "0x80004005 (NS_ERROR_FAILURE)"  location: "JS frame :: resource://devtools/server/actors/network-monitor/network-observer.js :: _setupResponseListener :: line 1086"  data: no]
Stack: _setupResponseListener@resource://devtools/server/actors/network-monitor/network-observer.js:1086:38
_createNetworkEvent@resource://devtools/server/actors/network-monitor/network-observer.js:912:12
_httpStopRequest@resource://devtools/server/actors/network-monitor/network-observer.js:409:14
exports.makeInfallible/<@resource://devtools/shared/ThreadSafeDevToolsUtils.js:103:22
Line: 1086, column: 0
console.error: ({})
1612878731162	Marionette	INFO	Stopped listening on port 62561

###!!! [Child][RunMessage] Error: Channel closing: too late to send/recv, messages will be lost

1612878735593	geckodriver	INFO	Listening on 127.0.0.1:62715
1612878738554	mozrunner::runner	INFO	Running command: "C:\\Program Files\\Mozilla Firefox\\firefox.exe" "--marionette" "-foreground" "-no-remote" "-profile" "C:\\Users\\MKDE~1\\AppData\\Local\\Temp\\rust_mozprofilexcHY44"
console.warn: SearchSettings: "get: No settings file exists, new profile?" (new Error("", "(unknown module)"))
1612878741531	Marionette	INFO	Listening on port 62724
1612878741731	Marionette	WARN	TLS certificate errors will be ignored for this session
1612878741746	Marionette	ERROR	[18] No reply from Marionette:Register
1612878751146	Marionette	WARN	Ignoring event 'DOMContentLoaded' because document has an invalid readyState of 'complete'.
JavaScript error: , line 0: NotFoundError: No such JSWindowActor 'MarionetteEvents'
JavaScript error: , line 0: NotFoundError: No such JSWindowActor 'MarionetteEvents'
JavaScript error: , line 0: uncaught exception: Object
JavaScript error: , line 0: uncaught exception: Object
1612878990419	geckodriver	INFO	Listening on 127.0.0.1:62889
1612878993395	mozrunner::runner	INFO	Running command: "C:\\Program Files\\Mozilla Firefox\\firefox.exe" "--marionette" "-foreground" "-no-remote" "-profile" "C:\\Users\\MKDE~1\\AppData\\Local\\Temp\\rust_mozprofilehko0Ev"
console.warn: SearchSettings: "get: No settings file exists, new profile?" (new Error("", "(unknown module)"))
1612878996125	Marionette	INFO	Listening on port 62897
1612878996599	Marionette	WARN	TLS certificate errors will be ignored for this session
1612878996612	Marionette	ERROR	[15] No reply from Marionette:Register
console.warn: SearchSettings: "get: No settings file exists, new profile?" (new Error("", "(unknown module)"))
1612879005696	Marionette	WARN	Ignoring event 'DOMContentLoaded' because document has an invalid readyState of 'complete'.
JavaScript error: , line 0: NotFoundError: No such JSWindowActor 'MarionetteEvents'
JavaScript error: , line 0: NotFoundError: No such JSWindowActor 'MarionetteEvents'
JavaScript error: , line 0: uncaught exception: Object
JavaScript error: , line 0: uncaught exception: Object
1612879066403	Marionette	ERROR	[33] No reply from Marionette:Register
Handler function _httpStopRequest threw an exception: [Exception... "Component returned failure code: 0x80004005 (NS_ERROR_FAILURE) [nsITraceableChannel.setNewListener]"  nsresult: "0x80004005 (NS_ERROR_FAILURE)"  location: "JS frame :: resource://devtools/server/actors/network-monitor/network-observer.js :: _setupResponseListener :: line 1086"  data: no]
Stack: _setupResponseListener@resource://devtools/server/actors/network-monitor/network-observer.js:1086:38
_createNetworkEvent@resource://devtools/server/actors/network-monitor/network-observer.js:912:12
_httpStopRequest@resource://devtools/server/actors/network-monitor/network-observer.js:409:14
exports.makeInfallible/<@resource://devtools/shared/ThreadSafeDevToolsUtils.js:103:22
Line: 1086, column: 0
console.error: ({})
1612879169645	Marionette	ERROR	[38] No reply from Marionette:Register
JavaScript error: resource://devtools/client/inspector/rules/utils/utils.js, line 192: TypeError: rule is undefined
JavaScript error: resource://devtools/client/inspector/rules/utils/utils.js, line 192: TypeError: rule is undefined
Handler function _httpStopRequest threw an exception: [Exception... "Component returned failure code: 0x80004005 (NS_ERROR_FAILURE) [nsITraceableChannel.setNewListener]"  nsresult: "0x80004005 (NS_ERROR_FAILURE)"  location: "JS frame :: resource://devtools/server/actors/network-monitor/network-observer.js :: _setupResponseListener :: line 1086"  data: no]
Stack: _setupResponseListener@resource://devtools/server/actors/network-monitor/network-observer.js:1086:38
_createNetworkEvent@resource://devtools/server/actors/network-monitor/network-observer.js:912:12
_httpStopRequest@resource://devtools/server/actors/network-monitor/network-observer.js:409:14
exports.makeInfallible/<@resource://devtools/shared/ThreadSafeDevToolsUtils.js:103:22
Line: 1086, column: 0
console.error: ({})

###!!! [Parent][RunMessage] Error: Channel closing: too late to send/recv, messages will be lost

1612879202428	Marionette	INFO	Stopped listening on port 62897

###!!! [Child][RunMessage] Error: Channel closing: too late to send/recv, messages will be lost

1612879211822	geckodriver	INFO	Listening on 127.0.0.1:63018
1612879214811	mozrunner::runner	INFO	Running command: "C:\\Program Files\\Mozilla Firefox\\firefox.exe" "--marionette" "-foreground" "-no-remote" "-profile" "C:\\Users\\MKDE~1\\AppData\\Local\\Temp\\rust_mozprofilet08V5H"
console.warn: SearchSettings: "get: No settings file exists, new profile?" (new Error("", "(unknown module)"))
1612879217623	Marionette	INFO	Listening on port 63027
1612879218056	Marionette	WARN	TLS certificate errors will be ignored for this session
1612879218070	Marionette	ERROR	[15] No reply from Marionette:Register
1612879225569	Marionette	WARN	Ignoring event 'DOMContentLoaded' because document has an invalid readyState of 'complete'.
JavaScript error: , line 0: NotFoundError: No such JSWindowActor 'MarionetteEvents'
JavaScript error: , line 0: NotFoundError: No such JSWindowActor 'MarionetteEvents'
JavaScript error: , line 0: uncaught exception: Object
JavaScript error: , line 0: uncaught exception: Object
1612879326669	Marionette	WARN	TimedPromise timed out after 500 ms: stacktrace:
TimedPromise/<@chrome://marionette/content/sync.js:235:19
TimedPromise@chrome://marionette/content/sync.js:220:10
interaction.flushEventLoop@chrome://marionette/content/interaction.js:418:10
webdriverClickElement@chrome://marionette/content/interaction.js:179:31
1612879380474	Marionette	INFO	Stopped listening on port 63027

###!!! [Child][RunMessage] Error: Channel closing: too late to send/recv, messages will be lost

1612879385380	geckodriver	INFO	Listening on 127.0.0.1:63198
1612879388354	mozrunner::runner	INFO	Running command: "C:\\Program Files\\Mozilla Firefox\\firefox.exe" "--marionette" "-foreground" "-no-remote" "-profile" "C:\\Users\\MKDE~1\\AppData\\Local\\Temp\\rust_mozprofileN28gUs"
console.warn: SearchSettings: "get: No settings file exists, new profile?" (new Error("", "(unknown module)"))
1612879391144	Marionette	INFO	Listening on port 63206
1612879391547	Marionette	WARN	TLS certificate errors will be ignored for this session
1612879391562	Marionette	ERROR	[15] No reply from Marionette:Register
console.warn: SearchSettings: "get: No settings file exists, new profile?" (new Error("", "(unknown module)"))
1612879400295	Marionette	WARN	Ignoring event 'DOMContentLoaded' because document has an invalid readyState of 'complete'.
JavaScript error: , line 0: NotFoundError: No such JSWindowActor 'MarionetteEvents'
JavaScript error: , line 0: NotFoundError: No such JSWindowActor 'MarionetteEvents'
JavaScript error: , line 0: uncaught exception: Object
JavaScript error: , line 0: uncaught exception: Object
1612879501121	Marionette	WARN	TimedPromise timed out after 500 ms: stacktrace:
TimedPromise/<@chrome://marionette/content/sync.js:235:19
TimedPromise@chrome://marionette/content/sync.js:220:10
interaction.flushEventLoop@chrome://marionette/content/interaction.js:418:10
webdriverClickElement@chrome://marionette/content/interaction.js:179:31
1612879576840	Marionette	INFO	Stopped listening on port 63206

###!!! [Child][RunMessage] Error: Channel closing: too late to send/recv, messages will be lost

1612879588785	geckodriver	INFO	Listening on 127.0.0.1:63355
1612879591755	mozrunner::runner	INFO	Running command: "C:\\Program Files\\Mozilla Firefox\\firefox.exe" "--marionette" "-foreground" "-no-remote" "-profile" "C:\\Users\\MKDE~1\\AppData\\Local\\Temp\\rust_mozprofileaHIOH4"
console.warn: SearchSettings: "get: No settings file exists, new profile?" (new Error("", "(unknown module)"))
1612879594343	Marionette	INFO	Listening on port 63364
1612879594403	Marionette	WARN	TLS certificate errors will be ignored for this session
1612879594421	Marionette	ERROR	[15] No reply from Marionette:Register
console.error: Region.jsm: "Error fetching region" (new Error("TIMEOUT", "resource://gre/modules/Region.jsm", 775))
console.error: Region.jsm: "Failed to fetch region" (new Error("TIMEOUT", "resource://gre/modules/Region.jsm", 422))
1612879607479	Marionette	WARN	Ignoring event 'DOMContentLoaded' because document has an invalid readyState of 'complete'.
JavaScript error: , line 0: NotFoundError: No such JSWindowActor 'MarionetteEvents'
JavaScript error: , line 0: NotFoundError: No such JSWindowActor 'MarionetteEvents'
JavaScript error: , line 0: uncaught exception: Object
JavaScript error: , line 0: uncaught exception: Object
1612879708390	Marionette	WARN	TimedPromise timed out after 500 ms: stacktrace:
TimedPromise/<@chrome://marionette/content/sync.js:235:19
TimedPromise@chrome://marionette/content/sync.js:220:10
interaction.flushEventLoop@chrome://marionette/content/interaction.js:418:10
webdriverClickElement@chrome://marionette/content/interaction.js:179:31
1612879721500	Marionette	INFO	Stopped listening on port 63364

###!!! [Child][RunMessage] Error: Channel closing: too late to send/recv, messages will be lost

1612879862383	geckodriver	INFO	Listening on 127.0.0.1:63724
1612879865386	mozrunner::runner	INFO	Running command: "C:\\Program Files\\Mozilla Firefox\\firefox.exe" "--marionette" "-foreground" "-no-remote" "-profile" "C:\\Users\\MKDE~1\\AppData\\Local\\Temp\\rust_mozprofilen3xEtD"
console.warn: SearchSettings: "get: No settings file exists, new profile?" (new Error("", "(unknown module)"))
1612879868025	Marionette	INFO	Listening on port 63732
1612879868060	Marionette	WARN	TLS certificate errors will be ignored for this session
1612879868077	Marionette	ERROR	[15] No reply from Marionette:Register
1612879880256	Marionette	WARN	Ignoring event 'DOMContentLoaded' because document has an invalid readyState of 'complete'.
JavaScript error: , line 0: NotFoundError: No such JSWindowActor 'MarionetteEvents'
JavaScript error: , line 0: NotFoundError: No such JSWindowActor 'MarionetteEvents'
JavaScript error: , line 0: uncaught exception: Object
JavaScript error: , line 0: uncaught exception: Object
1612879941119	Marionette	WARN	TimedPromise timed out after 500 ms: stacktrace:
TimedPromise/<@chrome://marionette/content/sync.js:235:19
TimedPromise@chrome://marionette/content/sync.js:220:10
interaction.flushEventLoop@chrome://marionette/content/interaction.js:418:10
webdriverClickElement@chrome://marionette/content/interaction.js:179:31
1612880028446	Marionette	INFO	Stopped listening on port 63732

###!!! [Child][RunMessage] Error: Channel closing: too late to send/recv, messages will be lost

1612880182489	geckodriver	INFO	Listening on 127.0.0.1:64008
1612880185467	mozrunner::runner	INFO	Running command: "C:\\Program Files\\Mozilla Firefox\\firefox.exe" "--marionette" "-foreground" "-no-remote" "-profile" "C:\\Users\\MKDE~1\\AppData\\Local\\Temp\\rust_mozprofilez0ssk6"
console.warn: SearchSettings: "get: No settings file exists, new profile?" (new Error("", "(unknown module)"))
1612880188299	Marionette	INFO	Listening on port 64017
1612880188701	Marionette	WARN	TLS certificate errors will be ignored for this session
1612880188735	Marionette	ERROR	[15] No reply from Marionette:Register
1612880197471	Marionette	WARN	Ignoring event 'DOMContentLoaded' because document has an invalid readyState of 'complete'.
JavaScript error: , line 0: NotFoundError: No such JSWindowActor 'MarionetteEvents'
JavaScript error: , line 0: NotFoundError: No such JSWindowActor 'MarionetteEvents'
JavaScript error: , line 0: uncaught exception: Object
JavaScript error: , line 0: uncaught exception: Object
1612880258324	Marionette	WARN	TimedPromise timed out after 500 ms: stacktrace:
TimedPromise/<@chrome://marionette/content/sync.js:235:19
TimedPromise@chrome://marionette/content/sync.js:220:10
interaction.flushEventLoop@chrome://marionette/content/interaction.js:418:10
webdriverClickElement@chrome://marionette/content/interaction.js:179:31
1612880275249	Marionette	INFO	Stopped listening on port 64017

###!!! [Child][RunMessage] Error: Channel closing: too late to send/recv, messages will be lost

1612880292032	geckodriver	INFO	Listening on 127.0.0.1:64150
1612880295022	mozrunner::runner	INFO	Running command: "C:\\Program Files\\Mozilla Firefox\\firefox.exe" "--marionette" "-foreground" "-no-remote" "-profile" "C:\\Users\\MKDE~1\\AppData\\Local\\Temp\\rust_mozprofileiiVUfF"
console.warn: SearchSettings: "get: No settings file exists, new profile?" (new Error("", "(unknown module)"))
1612880297754	Marionette	INFO	Listening on port 64158
1612880298218	Marionette	WARN	TLS certificate errors will be ignored for this session
1612880298233	Marionette	ERROR	[15] No reply from Marionette:Register
console.warn: SearchSettings: "get: No settings file exists, new profile?" (new Error("", "(unknown module)"))
JavaScript error: , line 0: NotFoundError: No such JSWindowActor 'MarionetteEvents'
1612880307000	Marionette	WARN	Ignoring event 'DOMContentLoaded' because document has an invalid readyState of 'complete'.
JavaScript error: , line 0: NotFoundError: No such JSWindowActor 'MarionetteEvents'
JavaScript error: , line 0: uncaught exception: Object
JavaScript error: , line 0: uncaught exception: Object
1612880406473	Marionette	ERROR	[33] No reply from Marionette:Register
Handler function _httpStopRequest threw an exception: [Exception... "Component returned failure code: 0x80004005 (NS_ERROR_FAILURE) [nsITraceableChannel.setNewListener]"  nsresult: "0x80004005 (NS_ERROR_FAILURE)"  location: "JS frame :: resource://devtools/server/actors/network-monitor/network-observer.js :: _setupResponseListener :: line 1086"  data: no]
Stack: _setupResponseListener@resource://devtools/server/actors/network-monitor/network-observer.js:1086:38
_createNetworkEvent@resource://devtools/server/actors/network-monitor/network-observer.js:912:12
_httpStopRequest@resource://devtools/server/actors/network-monitor/network-observer.js:409:14
exports.makeInfallible/<@resource://devtools/shared/ThreadSafeDevToolsUtils.js:103:22
Line: 1086, column: 0
console.error: ({})
1612880467741	Marionette	INFO	Stopped listening on port 64158

###!!! [Child][MessageChannel] Error: (msgtype=0x3A0144,name=PContent::Msg_ScriptError) Channel closing: too late to send/recv, messages will be lost


###!!! [Child][MessageChannel] Error: (msgtype=0xB60006,name=PWebSocket::Msg_DeleteSelf) Channel closing: too late to send/recv, messages will be lost


###!!! [Child][RunMessage] Error: Channel closing: too late to send/recv, messages will be lost

1612880877758	geckodriver	INFO	Listening on 127.0.0.1:64321
1612880880726	mozrunner::runner	INFO	Running command: "C:\\Program Files\\Mozilla Firefox\\firefox.exe" "--marionette" "-foreground" "-no-remote" "-profile" "C:\\Users\\MKDE~1\\AppData\\Local\\Temp\\rust_mozprofileeNIP8K"
console.warn: SearchSettings: "get: No settings file exists, new profile?" (new Error("", "(unknown module)"))
1612880883482	Marionette	INFO	Listening on port 64330
1612880883933	Marionette	WARN	TLS certificate errors will be ignored for this session
1612880883959	Marionette	ERROR	[15] No reply from Marionette:Register
console.warn: SearchSettings: "get: No settings file exists, new profile?" (new Error("", "(unknown module)"))
1612880891670	Marionette	WARN	Ignoring event 'DOMContentLoaded' because document has an invalid readyState of 'complete'.
JavaScript error: , line 0: NotFoundError: No such JSWindowActor 'MarionetteEvents'
JavaScript error: , line 0: NotFoundError: No such JSWindowActor 'MarionetteEvents'
JavaScript error: , line 0: uncaught exception: Object
JavaScript error: , line 0: uncaught exception: Object
1612880952791	Marionette	WARN	TimedPromise timed out after 500 ms: stacktrace:
TimedPromise/<@chrome://marionette/content/sync.js:235:19
TimedPromise@chrome://marionette/content/sync.js:220:10
interaction.flushEventLoop@chrome://marionette/content/interaction.js:418:10
webdriverClickElement@chrome://marionette/content/interaction.js:179:31
Handler function _httpStopRequest threw an exception: [Exception... "Component returned failure code: 0x80004005 (NS_ERROR_FAILURE) [nsITraceableChannel.setNewListener]"  nsresult: "0x80004005 (NS_ERROR_FAILURE)"  location: "JS frame :: resource://devtools/server/actors/network-monitor/network-observer.js :: _setupResponseListener :: line 1086"  data: no]
Stack: _setupResponseListener@resource://devtools/server/actors/network-monitor/network-observer.js:1086:38
_createNetworkEvent@resource://devtools/server/actors/network-monitor/network-observer.js:912:12
_httpStopRequest@resource://devtools/server/actors/network-monitor/network-observer.js:409:14
exports.makeInfallible/<@resource://devtools/shared/ThreadSafeDevToolsUtils.js:103:22
Line: 1086, column: 0
console.error: ({})
1612881807929	Marionette	INFO	Stopped listening on port 64330

###!!! [Child][RunMessage] Error: Channel closing: too late to send/recv, messages will be lost

1612881811841	geckodriver	INFO	Listening on 127.0.0.1:64521
1612881814822	mozrunner::runner	INFO	Running command: "C:\\Program Files\\Mozilla Firefox\\firefox.exe" "--marionette" "-foreground" "-no-remote" "-profile" "C:\\Users\\MKDE~1\\AppData\\Local\\Temp\\rust_mozprofileldOdOQ"
console.warn: SearchSettings: "get: No settings file exists, new profile?" (new Error("", "(unknown module)"))
1612881817803	Marionette	INFO	Listening on port 64530
1612881818044	Marionette	WARN	TLS certificate errors will be ignored for this session
1612881818066	Marionette	ERROR	[18] No reply from Marionette:Register
console.error: Region.jsm: "Error fetching region" (new Error("TIMEOUT", "resource://gre/modules/Region.jsm", 775))
console.error: Region.jsm: "Failed to fetch region" (new Error("TIMEOUT", "resource://gre/modules/Region.jsm", 422))
JavaScr1612881878544	Marionette	WARN	Ignoring event 'DOMContentLoaded' because document has an invalid readyState of 'complete'.
ipt error: , line 0: NotFoundError: No such JSWindowActor 'MarionetteEvents'
JavaScript error: , line 0: NotFoundError: No such JSWindowActor 'MarionetteEvents'
1612882038752	Marionette	INFO	Stopped listening on port 64530
JavaScript error: https://statics.teams.cdn.office.net/hashedjs/0-angular-jquery.min-eee9041.js, line 1: NS_ERROR_NOT_INITIALIZED: 

###!!! [Child][RunMessage] Error: Channel closing: too late to send/recv, messages will be lost

1612882115214	geckodriver	INFO	Listening on 127.0.0.1:64649
1612882118161	mozrunner::runner	INFO	Running command: "C:\\Program Files\\Mozilla Firefox\\firefox.exe" "--marionette" "-foreground" "-no-remote" "-profile" "C:\\Users\\MKDE~1\\AppData\\Local\\Temp\\rust_mozprofileZlHy1w"
console.warn: SearchSettings: "get: No settings file exists, new profile?" (new Error("", "(unknown module)"))
1612882121337	Marionette	INFO	Listening on port 64659
1612882121841	Marionette	WARN	TLS certificate errors will be ignored for this session
1612882121855	Marionette	ERROR	[15] No reply from Marionette:Register
console.error: Region.jsm: "Error fetching region" (new Error("TIMEOUT", "resource://gre/modules/Region.jsm", 775))
console.error: Region.jsm: "Failed to fetch region" (new Error("TIMEOUT", "resource://gre/modules/Region.jsm", 422))
1612882207442	Marionette	INFO	Stopped listening on port 64659

###!!! [Child][RunMessage] Error: Channel closing: too late to send/recv, messages will be lost

1612882258275	geckodriver	INFO	Listening on 127.0.0.1:64811
1612882261237	mozrunner::runner	INFO	Running command: "C:\\Program Files\\Mozilla Firefox\\firefox.exe" "--marionette" "-foreground" "-no-remote" "-profile" "C:\\Users\\MKDE~1\\AppData\\Local\\Temp\\rust_mozprofileatQpC0"
console.warn: SearchSettings: "get: No settings file exists, new profile?" (new Error("", "(unknown module)"))
1612882263944	Marionette	INFO	Listening on port 64819
1612882264443	Marionette	WARN	TLS certificate errors will be ignored for this session
1612882264459	Marionette	ERROR	[15] No reply from Marionette:Register
JavaScript error: , line 0: NotFoundError: No such JSWindowActor 'MarionetteEvents'
1612882280226	Marionette	WARN	Ignoring event 'DOMContentLoaded' because document has an invalid readyState of 'complete'.
JavaScript error: , line 0: NotFoundError: No such JSWindowActor 'MarionetteEvents'
JavaScript error: , line 0: uncaught exception: Object
JavaScript error: , line 0: uncaught exception: Object
1612882530923	geckodriver	INFO	Listening on 127.0.0.1:65117
1612882533844	mozrunner::runner	INFO	Running command: "C:\\Program Files\\Mozilla Firefox\\firefox.exe" "--marionette" "-foreground" "-no-remote" "-profile" "C:\\Users\\MKDE~1\\AppData\\Local\\Temp\\rust_mozprofileXVsb34"
console.warn: SearchSettings: "get: No settings file exists, new profile?" (new Error("", "(unknown module)"))
1612882536767	Marionette	INFO	Listening on port 65126
1612882537042	Marionette	WARN	TLS certificate errors will be ignored for this session
1612882537075	Marionette	ERROR	[15] No reply from Marionette:Register
JavaScript error: , line 0: NotFoundError: No such JSWindowActor 'MarionetteEvents'
1612882553555	Marionette	WARN	Ignoring event 'DOMContentLoaded' because document has an invalid readyState of 'complete'.
JavaScript error: , line 0: NotFoundError: No such JSWindowActor 'MarionetteEvents'
JavaScript error: , line 0: uncaught exception: Object
JavaScript error: , line 0: uncaught exception: Object
JavaScript error: https://statics.teams.cdn.office.net/hashedjs/3.2-app.min-ba9605c.js, line 1: NS_ERROR_NOT_INITIALIZED: 
1612882693117	Marionette	INFO	Stopped listening on port 65126

###!!! [Child][RunMessage] Error: Channel closing: too late to send/recv, messages will be lost

1612883012096	geckodriver	INFO	Listening on 127.0.0.1:65474
1612883015025	mozrunner::runner	INFO	Running command: "C:\\Program Files\\Mozilla Firefox\\firefox.exe" "--marionette" "-foreground" "-no-remote" "-profile" "C:\\Users\\MKDE~1\\AppData\\Local\\Temp\\rust_mozprofileXVx03s"
console.warn: SearchSettings: "get: No settings file exists, new profile?" (new Error("", "(unknown module)"))
1612883018017	Marionette	INFO	Listening on port 65483
1612883018208	Marionette	WARN	TLS certificate errors will be ignored for this session
1612883018222	Marionette	ERROR	[15] No reply from Marionette:Register
1612883027066	Marionette	WARN	Ignoring event 'DOMContentLoaded' because document has an invalid readyState of 'complete'.
JavaScript error: , line 0: NotFoundError: No such JSWindowActor 'MarionetteEvents'
JavaScript error: , line 0: NotFoundError: No such JSWindowActor 'MarionetteEvents'
JavaScript error: , line 0: uncaught exception: Object
JavaScript error: , line 0: uncaught exception: Object
JavaScript error: resource://gre/modules/CrashManager.jsm, line 789: AbortError: Could not dispatch task to background thread
1612883072551	Marionette	INFO	Stopped listening on port 65483

###!!! [Child][RunMessage] Error: Channel closing: too late to send/recv, messages will be lost

1612883102119	geckodriver	INFO	Listening on 127.0.0.1:49246
1612883105059	mozrunner::runner	INFO	Running command: "C:\\Program Files\\Mozilla Firefox\\firefox.exe" "--marionette" "-foreground" "-no-remote" "-profile" "C:\\Users\\MKDE~1\\AppData\\Local\\Temp\\rust_mozprofilekg4Fph"
console.warn: SearchSettings: "get: No settings file exists, new profile?" (new Error("", "(unknown module)"))
1612883107703	Marionette	INFO	Listening on port 49254
1612883107756	Marionette	WARN	TLS certificate errors will be ignored for this session
1612883107782	Marionette	ERROR	[15] No reply from Marionette:Register
JavaScript error: https://statics.teams.cdn.office.net/hashedjs/0-angular-jquery.min-eee9041.js, line 1: NS_ERROR_NOT_INITIALIZED: 
1612883163907	Marionette	INFO	Stopped listening on port 49254

###!!! [Child][RunMessage] Error: Channel closing: too late to send/recv, messages will be lost

1612884133261	geckodriver	INFO	Listening on 127.0.0.1:50039
1612884136159	mozrunner::runner	INFO	Running command: "C:\\Program Files\\Mozilla Firefox\\firefox.exe" "--marionette" "-foreground" "-no-remote" "-profile" "C:\\Users\\MKDE~1\\AppData\\Local\\Temp\\rust_mozprofileMdh53y"
console.warn: SearchSettings: "get: No settings file exists, new profile?" (new Error("", "(unknown module)"))
1612884138957	Marionette	INFO	Listening on port 50048
1612884139379	Marionette	WARN	TLS certificate errors will be ignored for this session
1612884139396	Marionette	ERROR	[15] No reply from Marionette:Register
1612884154869	Marionette	WARN	Ignoring event 'DOMContentLoaded' because document has an invalid readyState of 'complete'.
JavaScript error: , line 0: NotFoundError: No such JSWindowActor 'MarionetteEvents'
JavaScript error: , line 0: NotFoundError: No such JSWindowActor 'MarionetteEvents'
JavaScript error: , line 0: uncaught exception: Object
JavaScript error: , line 0: uncaught exception: Object
1612884315589	Marionette	INFO	Stopped listening on port 50048
JavaScript error: https://statics.teams.cdn.office.net/hashedjs/3.2-app.min-ba9605c.js, line 1: NS_ERROR_NOT_INITIALIZED: 

###!!! [Child][RunMessage] Error: Channel closing: too late to send/recv, messages will be lost

